\BOOKMARK [0][-]{chapter*.2}{\376\377\000A\000b\000s\000t\000r\000a\000c\000t}{}% 1
\BOOKMARK [0][-]{chapter.1}{\376\377\176\352\213\272}{}% 2
\BOOKMARK [1][-]{section.1.1}{\376\377\150\007\121\306\152\041\127\213}{chapter.1}% 3
\BOOKMARK [1][-]{section.1.2}{\376\377\131\070\121\113\200\366\133\120\173\111\171\273\133\120\117\123}{chapter.1}% 4
\BOOKMARK [1][-]{section.1.3}{\376\377\142\113\137\201\133\371\171\360\140\047}{chapter.1}% 5
\BOOKMARK [1][-]{section.1.4}{\376\377\166\370\133\371\213\272\221\315\171\273\133\120\133\371\144\236}{chapter.1}% 6
\BOOKMARK [1][-]{section.1.5}{\376\377\166\370\133\371\213\272\221\315\171\273\133\120\133\371\144\236\116\055\166\204\123\314\217\173\133\120}{chapter.1}% 7
\BOOKMARK [2][-]{subsection.1.5.1}{\376\377\166\370\133\371\213\272\221\315\171\273\133\120\133\371\144\236\116\055\166\204\123\314\217\173\133\120\116\247\165\037}{section.1.5}% 8
\BOOKMARK [2][-]{subsection.1.5.2}{\376\377\123\314\217\173\133\120\155\113\221\317\123\206\123\362}{section.1.5}% 9
\BOOKMARK [0][-]{chapter.2}{\376\377\133\236\232\214\210\305\177\156}{}% 10
\BOOKMARK [1][-]{section.2.1}{\376\377\166\370\133\371\213\272\221\315\171\273\133\120\133\371\144\236\147\072\040\024\040\024\000R\000H\000I\000C}{chapter.2}% 11
\BOOKMARK [1][-]{section.2.2}{\376\377\000R\000H\000I\000C\116\012\166\204\207\272\176\277\173\241\137\204\217\371\143\242\155\113\126\150\040\024\040\024\000S\000T\000A\000R}{chapter.2}% 12
\BOOKMARK [2][-]{subsection.2.2.1}{\376\377\145\366\225\364\142\225\137\161\133\244}{section.2.2}% 13
\BOOKMARK [2][-]{subsection.2.2.2}{\376\377\230\336\210\114\145\366\225\364\143\242\155\113\126\150}{section.2.2}% 14
\BOOKMARK [0][-]{chapter.3}{\376\377\000S\000T\000A\000R\122\115\124\021\123\107\176\247\040\024\040\024\000S\000T\000A\000R\000\040\000F\000o\000r\000w\000a\000r\000d\000\040\000U\000p\000g\000r\000a\000d\000e}{}% 15
\BOOKMARK [1][-]{section.3.1}{\376\377\000S\000T\000A\000R\122\115\124\021\123\107\176\247}{chapter.3}% 16
\BOOKMARK [1][-]{section.3.2}{\376\377\172\204\213\373\121\372\147\141\172\204\226\231\133\244\040\024\040\024\000s\000T\000G\000C}{chapter.3}% 17
\BOOKMARK [1][-]{section.3.3}{\376\377\000s\000T\000G\000C\116\216\000B\000N\000L\155\113\213\325\220\350\122\006}{chapter.3}% 18
\BOOKMARK [2][-]{subsection.3.3.1}{\376\377\134\017\123\237\127\213\147\072\155\113\213\325}{section.3.3}% 19
\BOOKMARK [2][-]{subsection.3.3.2}{\376\377\131\047\123\237\127\213\147\072\155\113\213\325}{section.3.3}% 20
\BOOKMARK [2][-]{subsection.3.3.3}{\376\377\116\224\217\271\137\142\152\041\176\304\157\017\165\065\155\101\155\113\213\325}{section.3.3}% 21
\BOOKMARK [1][-]{section.3.4}{\376\377\000s\000T\000G\000C\000\040\000s\000l\000o\000w\000\040\000s\000i\000m\000u\000l\000a\000t\000o\000r\000\040\123\312\000\040\000C\000l\000u\000s\000t\000e\000r\000\040\000f\000i\000n\000d\000e\000r}{chapter.3}% 22
\BOOKMARK [2][-]{subsection.3.4.1}{\376\377\000s\000l\000o\000w\000\040\000s\000i\000m\000u\000l\000a\000t\000o\000r}{section.3.4}% 23
\BOOKMARK [2][-]{subsection.3.4.2}{\376\377\000c\000l\000u\000s\000t\000e\000r\000\040\000f\000i\000n\000d\000e\000r}{section.3.4}% 24
\BOOKMARK [0][-]{chapter.4}{\376\377\123\314\165\065\133\120\214\061\155\113\221\317}{}% 25
\BOOKMARK [1][-]{section.4.1}{\376\377\145\160\143\156\226\306\124\214\116\213\117\213\122\044\220\011}{chapter.4}% 26
\BOOKMARK [1][-]{section.4.2}{\376\377\137\204\217\371\122\044\220\011\124\214\165\065\133\120\222\164\122\053}{chapter.4}% 27
\BOOKMARK [2][-]{subsection.4.2.1}{\376\377\137\204\217\371\122\044\220\011}{section.4.2}% 28
\BOOKMARK [2][-]{subsection.4.2.2}{\376\377\165\065\133\120\222\164\122\053\000\050\000e\000I\000D\000\051}{section.4.2}% 29
\BOOKMARK [2][-]{subsection.4.2.3}{\376\377\165\065\133\120\150\067\147\054\176\257\136\246}{section.4.2}% 30
\BOOKMARK [1][-]{section.4.3}{\376\377\165\065\133\120\133\371\221\315\136\372}{chapter.4}% 31
\BOOKMARK [2][-]{subsection.4.3.1}{\376\377\124\014\123\367\221\115\133\371\145\271\154\325}{section.4.3}% 32
\BOOKMARK [2][-]{subsection.4.3.2}{\376\377\155\367\124\010\116\213\117\213\145\271\154\325}{section.4.3}% 33
\BOOKMARK [2][-]{subsection.4.3.3}{\376\377\121\111\133\120\217\154\143\142\200\314\146\157}{section.4.3}% 34
\BOOKMARK [2][-]{subsection.4.3.4}{\376\377\123\237\122\035\117\341\123\367}{section.4.3}% 35
\BOOKMARK [1][-]{section.4.4}{\376\377\145\110\163\207\117\356\153\143}{chapter.4}% 36
\BOOKMARK [2][-]{subsection.4.4.1}{\376\377\145\366\225\364\142\225\137\161\133\244\137\204\217\371\221\315\136\372\145\110\163\207}{section.4.4}% 37
\BOOKMARK [2][-]{subsection.4.4.2}{\376\377\230\336\210\114\145\366\225\364\143\242\155\113\126\150\143\242\155\113\145\110\163\207}{section.4.4}% 38
\BOOKMARK [2][-]{subsection.4.4.3}{\376\377\165\065\133\120\222\164\122\053\145\110\163\207}{section.4.4}% 39
\BOOKMARK [2][-]{subsection.4.4.4}{\376\377\123\314\165\065\133\120\145\110\163\207\117\356\153\143}{section.4.4}% 40
\BOOKMARK [1][-]{section.4.5}{\376\377\143\245\145\066\136\246\117\356\153\143}{chapter.4}% 41
\BOOKMARK [1][-]{section.4.6}{\376\377\137\072\133\120\210\160\123\330\152\041\142\337}{chapter.4}% 42
\BOOKMARK [2][-]{subsection.4.6.1}{\376\377\137\072\133\120\116\044\117\123\123\312\116\011\117\123\210\160\123\330}{section.4.6}% 43
\BOOKMARK [2][-]{subsection.4.6.2}{\376\377\221\315\124\163\131\070\121\113\123\112\217\173\133\120\210\160\123\330}{section.4.6}% 44
\BOOKMARK [2][-]{subsection.4.6.3}{\376\377\000D\000r\000e\000l\000l\000-\000Y\000a\000n\000\040\217\307\172\013}{section.4.6}% 45
\BOOKMARK [2][-]{subsection.4.6.4}{\376\377\000p\000T\000\040\000s\000m\000e\000a\000r\000i\000n\000g}{section.4.6}% 46
\BOOKMARK [1][-]{section.4.7}{\376\377\174\373\176\337\213\357\135\356\122\006\147\220}{chapter.4}% 47
\BOOKMARK [0][-]{chapter.5}{\376\377\176\323\147\234\213\250\213\272}{}% 48
\BOOKMARK [1][-]{section.5.1}{\376\377\117\116\215\050\221\317\123\072\225\364}{chapter.5}% 49
\BOOKMARK [2][-]{subsection.5.1.1}{\376\377\116\055\173\111\215\050\221\317\123\072\225\364}{section.5.1}% 50
\BOOKMARK [2][-]{subsection.5.1.2}{\376\377\116\015\124\014\116\055\137\303\136\246\116\013\166\204\156\051\136\246\142\275\123\326\176\323\147\234}{section.5.1}% 51
