This is XeTeX, Version 3.14159265-2.6-0.999992 (TeX Live 2020) (preloaded format=xelatex 2020.4.7)  23 AUG 2022 17:41
entering extended mode
 restricted \write18 enabled.
 file:line:error style messages enabled.
 %&-line parsing enabled.
**MyPhDThesis.tex
(./MyPhDThesis.tex
LaTeX2e <2020-02-02> patch level 5
L3 programming layer <2020-03-06>
(/usr/local/texlive/2020/texmf-dist/tex/latex/ctex/ctexbook.cls
(/usr/local/texlive/2020/texmf-dist/tex/latex/l3kernel/expl3.sty
Package: expl3 2020-03-06 L3 programming layer (loader) 

(/usr/local/texlive/2020/texmf-dist/tex/latex/l3backend/l3backend-xdvipdfmx.def
File: l3backend-xdvipdfmx.def 2020-03-12 L3 backend support: xdvipdfmx
\g__graphics_track_int=\count163
\l__pdf_internal_box=\box45
\g__pdf_backend_object_int=\count164
\g__pdf_backend_annotation_int=\count165
))
Document Class: ctexbook 2019/05/29 v2.4.16 Chinese adapter for class book (CTE
X)
(/usr/local/texlive/2020/texmf-dist/tex/latex/l3packages/xparse/xparse.sty
Package: xparse 2020-03-06 L3 Experimental document command parser
\l__xparse_current_arg_int=\count166
\g__xparse_grabber_int=\count167
\l__xparse_m_args_int=\count168
\l__xparse_v_nesting_int=\count169
)
(/usr/local/texlive/2020/texmf-dist/tex/latex/l3packages/l3keys2e/l3keys2e.sty
Package: l3keys2e 2020-03-06 LaTeX2e option processing using LaTeX3 keys
) (/usr/local/texlive/2020/texmf-dist/tex/latex/ctex/ctexhook.sty
Package: ctexhook 2019/05/29 v2.4.16 Document and package hooks (CTEX)
)
(/usr/local/texlive/2020/texmf-dist/tex/latex/ctex/ctexpatch.sty
Package: ctexpatch 2019/05/29 v2.4.16 Patching commands (CTEX)
)
(/usr/local/texlive/2020/texmf-dist/tex/latex/base/fix-cm.sty
Package: fix-cm 2015/01/14 v1.1t fixes to LaTeX

(/usr/local/texlive/2020/texmf-dist/tex/latex/base/ts1enc.def
File: ts1enc.def 2001/06/05 v3.0e (jk/car/fm) Standard LaTeX file
LaTeX Font Info:    Redeclaring font encoding TS1 on input line 47.
))
(/usr/local/texlive/2020/texmf-dist/tex/latex/ms/everysel.sty
Package: everysel 2011/10/28 v1.2 EverySelectfont Package (MS)
)
\l__ctex_tmp_int=\count170
\l__ctex_tmp_box=\box46
\l__ctex_tmp_dim=\dimen134
\g__ctex_section_depth_int=\count171
\g__ctex_font_size_int=\count172

(/usr/local/texlive/2020/texmf-dist/tex/latex/ctex/config/ctexopts.cfg
File: ctexopts.cfg 2019/05/29 v2.4.16 Option configuration file (CTEX)
)
(/usr/local/texlive/2020/texmf-dist/tex/latex/base/book.cls
Document Class: book 2019/12/20 v1.4l Standard LaTeX document class
(/usr/local/texlive/2020/texmf-dist/tex/latex/base/bk12.clo
File: bk12.clo 2019/12/20 v1.4l Standard LaTeX file (size option)
)
\c@part=\count173
\c@chapter=\count174
\c@section=\count175
\c@subsection=\count176
\c@subsubsection=\count177
\c@paragraph=\count178
\c@subparagraph=\count179
\c@figure=\count180
\c@table=\count181
\abovecaptionskip=\skip47
\belowcaptionskip=\skip48
\bibindent=\dimen135
)
(/usr/local/texlive/2020/texmf-dist/tex/latex/ctex/engine/ctex-engine-xetex.def
File: ctex-engine-xetex.def 2019/05/29 v2.4.16 XeLaTeX adapter (CTEX)
(/usr/local/texlive/2020/texmf-dist/tex/xelatex/xecjk/xeCJK.sty
Package: xeCJK 2020/02/18 v3.8.2 Typesetting CJK scripts with XeLaTeX

(/usr/local/texlive/2020/texmf-dist/tex/latex/l3packages/xtemplate/xtemplate.st
y
Package: xtemplate 2020-03-06 L3 Experimental prototype document functions
\l__xtemplate_tmp_dim=\dimen136
\l__xtemplate_tmp_int=\count182
\l__xtemplate_tmp_muskip=\muskip16
\l__xtemplate_tmp_skip=\skip49
)
\l__xeCJK_tmp_int=\count183
\l__xeCJK_tmp_box=\box47
\l__xeCJK_tmp_dim=\dimen137
\l__xeCJK_tmp_skip=\skip50
\g__xeCJK_space_factor_int=\count184
\l__xeCJK_begin_int=\count185
\l__xeCJK_end_int=\count186
\c__xeCJK_CJK_class_int=\XeTeXcharclass1
\c__xeCJK_FullLeft_class_int=\XeTeXcharclass2
\c__xeCJK_FullRight_class_int=\XeTeXcharclass3
\c__xeCJK_HalfLeft_class_int=\XeTeXcharclass4
\c__xeCJK_HalfRight_class_int=\XeTeXcharclass5
\c__xeCJK_NormalSpace_class_int=\XeTeXcharclass6
\c__xeCJK_CM_class_int=\XeTeXcharclass7
\c__xeCJK_HangulJamo_class_int=\XeTeXcharclass8
\l__xeCJK_last_skip=\skip51
\g__xeCJK_node_int=\count187
\c__xeCJK_CJK_node_dim=\dimen138
\c__xeCJK_CJK-space_node_dim=\dimen139
\c__xeCJK_default_node_dim=\dimen140
\c__xeCJK_default-space_node_dim=\dimen141
\c__xeCJK_CJK-widow_node_dim=\dimen142
\c__xeCJK_normalspace_node_dim=\dimen143
\l__xeCJK_ccglue_skip=\skip52
\l__xeCJK_ecglue_skip=\skip53
\l__xeCJK_punct_kern_skip=\skip54
\l__xeCJK_last_penalty_int=\count188
\l__xeCJK_last_bound_dim=\dimen144
\l__xeCJK_last_kern_dim=\dimen145
\l__xeCJK_widow_penalty_int=\count189

Package xtemplate Info: Declaring object type 'xeCJK/punctuation' taking 0
(xtemplate)             argument(s) on line 2302.

\l__xeCJK_fixed_punct_width_dim=\dimen146
\l__xeCJK_mixed_punct_width_dim=\dimen147
\l__xeCJK_middle_punct_width_dim=\dimen148
\l__xeCJK_fixed_margin_width_dim=\dimen149
\l__xeCJK_mixed_margin_width_dim=\dimen150
\l__xeCJK_middle_margin_width_dim=\dimen151
\l__xeCJK_bound_punct_width_dim=\dimen152
\l__xeCJK_bound_margin_width_dim=\dimen153
\l__xeCJK_margin_minimum_dim=\dimen154
\l__xeCJK_kerning_total_width_dim=\dimen155
\l__xeCJK_same_align_margin_dim=\dimen156
\l__xeCJK_different_align_margin_dim=\dimen157
\l__xeCJK_kerning_margin_width_dim=\dimen158
\l__xeCJK_kerning_margin_minimum_dim=\dimen159
\l__xeCJK_bound_dim=\dimen160
\l__xeCJK_reverse_bound_dim=\dimen161
\l__xeCJK_margin_dim=\dimen162
\l__xeCJK_minimum_bound_dim=\dimen163
\l__xeCJK_kerning_margin_dim=\dimen164
\g__xeCJK_family_int=\count190
\l__xeCJK_fam_int=\count191
\g__xeCJK_fam_allocation_int=\count192
\l__xeCJK_verb_case_int=\count193
\l__xeCJK_verb_exspace_skip=\skip55
 (/usr/local/texlive/2020/texmf-dist/tex/latex/fontspec/fontspec.sty
Package: fontspec 2020/02/21 v2.7i Font selection for XeLaTeX and LuaLaTeX

(/usr/local/texlive/2020/texmf-dist/tex/latex/fontspec/fontspec-xetex.sty
Package: fontspec-xetex 2020/02/21 v2.7i Font selection for XeLaTeX and LuaLaTe
X
\l__fontspec_script_int=\count194
\l__fontspec_language_int=\count195
\l__fontspec_strnum_int=\count196
\l__fontspec_tmp_int=\count197
\l__fontspec_tmpa_int=\count198
\l__fontspec_tmpb_int=\count199
\l__fontspec_tmpc_int=\count266
\l__fontspec_em_int=\count267
\l__fontspec_emdef_int=\count268
\l__fontspec_strong_int=\count269
\l__fontspec_strongdef_int=\count270
\l__fontspec_tmpa_dim=\dimen165
\l__fontspec_tmpb_dim=\dimen166
\l__fontspec_tmpc_dim=\dimen167

(/usr/local/texlive/2020/texmf-dist/tex/latex/base/fontenc.sty
Package: fontenc 2020/02/11 v2.0o Standard LaTeX package
)
(/usr/local/texlive/2020/texmf-dist/tex/latex/fontspec/fontspec.cfg)))
(/usr/local/texlive/2020/texmf-dist/tex/xelatex/xecjk/xeCJK.cfg
File: xeCJK.cfg 2020/02/18 v3.8.2 Configuration file for xeCJK package
))
(/usr/local/texlive/2020/texmf-dist/tex/xelatex/xecjk/xeCJKfntef.sty
Package: xeCJKfntef 2020/02/18 v3.8.2 xeCJK font effect

(/usr/local/texlive/2020/texmf-dist/tex/generic/ulem/ulem.sty
\UL@box=\box48
\UL@hyphenbox=\box49
\UL@skip=\skip56
\UL@hook=\toks15
\UL@height=\dimen168
\UL@pe=\count271
\UL@pixel=\dimen169
\ULC@box=\box50
Package: ulem 2019/11/18
\ULdepth=\dimen170
)
\l__xeCJK_space_skip=\skip57
\c__xeCJK_ulem-begin_node_dim=\dimen171
\c__xeCJK_null_box=\box51
\l__xeCJK_fntef_box=\box52
\l__xeCJK_under_symbol_box=\box53
\c__xeCJK_filll_skip=\skip58
)
\ccwd=\dimen172
\l__ctex_ccglue_skip=\skip59
)
\l__ctex_ziju_dim=\dimen173

(/usr/local/texlive/2020/texmf-dist/tex/latex/zhnumber/zhnumber.sty
Package: zhnumber 2019/04/07 v2.7 Typesetting numbers with Chinese glyphs
\l__zhnum_scale_int=\count272

(/usr/local/texlive/2020/texmf-dist/tex/latex/zhnumber/zhnumber-utf8.cfg
File: zhnumber-utf8.cfg 2019/04/07 v2.7 Chinese numerals with UTF8 encoding
))
\l__ctex_heading_skip=\skip60

(/usr/local/texlive/2020/texmf-dist/tex/latex/ctex/scheme/ctex-scheme-chinese-b
ook.def
File: ctex-scheme-chinese-book.def 2019/05/29 v2.4.16 Chinese scheme for book (
CTEX)

(/usr/local/texlive/2020/texmf-dist/tex/latex/ctex/config/ctex-name-utf8.cfg
File: ctex-name-utf8.cfg 2019/05/29 v2.4.16 Caption with encoding UTF8 (CTEX)
))
(/usr/local/texlive/2020/texmf-dist/tex/latex/ctex/fontset/ctex-fontset-fandol.
def
File: ctex-fontset-fandol.def 2019/05/29 v2.4.16 Fandol fonts definition (CTEX)



Package fontspec Warning: Font "FandolSong-Regular" does not contain requested
(fontspec)                Script "CJK".


Package fontspec Info: Font family 'FandolSong-Regular(0)' created for font
(fontspec)             'FandolSong-Regular' with options
(fontspec)             [Script={CJK},Extension={.otf},BoldFont={FandolSong-Bold
},ItalicFont={FandolKai-Regular}].
(fontspec)              
(fontspec)              This font family consists of the following NFSS
(fontspec)             series/shapes:
(fontspec)              
(fontspec)             - 'normal' (m/n) with NFSS spec.:
(fontspec)             <->"[FandolSong-Regular.otf]/OT:language=dflt;"
(fontspec)             - 'small caps'  (m/sc) with NFSS spec.: 
(fontspec)             - 'bold' (b/n) with NFSS spec.:
(fontspec)             <->"[FandolSong-Bold.otf]/OT:language=dflt;"
(fontspec)             - 'bold small caps'  (b/sc) with NFSS spec.: 
(fontspec)             - 'italic' (m/it) with NFSS spec.:
(fontspec)             <->"[FandolKai-Regular.otf]/OT:language=dflt;"
(fontspec)             - 'italic small caps'  (m/scit) with NFSS spec.: 

)) (/usr/local/texlive/2020/texmf-dist/tex/latex/ctex/config/ctex.cfg
File: ctex.cfg 2019/05/29 v2.4.16 Configuration file (CTEX)
)
(/usr/local/texlive/2020/texmf-dist/tex/latex/base/inputenc.sty
Package: inputenc 2018/08/11 v1.3c Input encoding file
\inpenc@prehook=\toks16
\inpenc@posthook=\toks17


Package inputenc Warning: inputenc package ignored with utf8 based engines.

) (/usr/local/texlive/2020/texmf-dist/tex/latex/tools/indentfirst.sty
Package: indentfirst 1995/11/23 v1.03 Indent first paragraph (DPC)
)
(/usr/local/texlive/2020/texmf-dist/tex/latex/pdfpages/pdfpages.sty
Package: pdfpages 2020/01/28 v0.5q Insert pages of external PDF documents (AM)

(/usr/local/texlive/2020/texmf-dist/tex/latex/base/ifthen.sty
Package: ifthen 2014/09/29 v1.1c Standard LaTeX ifthen package (DPC)
)
(/usr/local/texlive/2020/texmf-dist/tex/latex/tools/calc.sty
Package: calc 2017/05/25 v4.3 Infix arithmetic (KKT,FJ)
\calc@Acount=\count273
\calc@Bcount=\count274
\calc@Adimen=\dimen174
\calc@Bdimen=\dimen175
\calc@Askip=\skip61
\calc@Bskip=\skip62
LaTeX Info: Redefining \setlength on input line 80.
LaTeX Info: Redefining \addtolength on input line 81.
\calc@Ccount=\count275
\calc@Cskip=\skip63
)
(/usr/local/texlive/2020/texmf-dist/tex/latex/eso-pic/eso-pic.sty
Package: eso-pic 2018/04/12 v2.0h eso-pic (RN)

(/usr/local/texlive/2020/texmf-dist/tex/generic/atbegshi/atbegshi.sty
Package: atbegshi 2019/12/05 v1.19 At begin shipout hook (HO)

(/usr/local/texlive/2020/texmf-dist/tex/generic/infwarerr/infwarerr.sty
Package: infwarerr 2019/12/03 v1.5 Providing info/warning/error messages (HO)
)
(/usr/local/texlive/2020/texmf-dist/tex/generic/ltxcmds/ltxcmds.sty
Package: ltxcmds 2019/12/15 v1.24 LaTeX kernel commands for general use (HO)
)
(/usr/local/texlive/2020/texmf-dist/tex/generic/iftex/iftex.sty
Package: iftex 2020/03/06 v1.0d TeX engine tests
))
(/usr/local/texlive/2020/texmf-dist/tex/latex/graphics/keyval.sty
Package: keyval 2014/10/28 v1.15 key=value parser (DPC)
\KV@toks@=\toks18
)
(/usr/local/texlive/2020/texmf-dist/tex/latex/xcolor/xcolor.sty
Package: xcolor 2016/05/11 v2.12 LaTeX color extensions (UK)

(/usr/local/texlive/2020/texmf-dist/tex/latex/graphics-cfg/color.cfg
File: color.cfg 2016/01/02 v1.6 sample color configuration
)
Package xcolor Info: Driver file: xetex.def on input line 225.

(/usr/local/texlive/2020/texmf-dist/tex/latex/graphics-def/xetex.def
File: xetex.def 2017/06/24 v5.0h Graphics/color driver for xetex
)
Package xcolor Info: Model `cmy' substituted by `cmy0' on input line 1348.
Package xcolor Info: Model `RGB' extended on input line 1364.
Package xcolor Info: Model `HTML' substituted by `rgb' on input line 1366.
Package xcolor Info: Model `Hsb' substituted by `hsb' on input line 1367.
Package xcolor Info: Model `tHsb' substituted by `hsb' on input line 1368.
Package xcolor Info: Model `HSB' substituted by `hsb' on input line 1369.
Package xcolor Info: Model `Gray' substituted by `gray' on input line 1370.
Package xcolor Info: Model `wave' substituted by `hsb' on input line 1371.
))
(/usr/local/texlive/2020/texmf-dist/tex/latex/graphics/graphicx.sty
Package: graphicx 2019/11/30 v1.2a Enhanced LaTeX Graphics (DPC,SPQR)

(/usr/local/texlive/2020/texmf-dist/tex/latex/graphics/graphics.sty
Package: graphics 2019/11/30 v1.4a Standard LaTeX Graphics (DPC,SPQR)

(/usr/local/texlive/2020/texmf-dist/tex/latex/graphics/trig.sty
Package: trig 2016/01/03 v1.10 sin cos tan (DPC)
)
(/usr/local/texlive/2020/texmf-dist/tex/latex/graphics-cfg/graphics.cfg
File: graphics.cfg 2016/06/04 v1.11 sample graphics configuration
)
Package graphics Info: Driver file: xetex.def on input line 105.
)
\Gin@req@height=\dimen176
\Gin@req@width=\dimen177
)
\AM@pagewidth=\dimen178
\AM@pageheight=\dimen179

(/usr/local/texlive/2020/texmf-dist/tex/latex/pdfpages/ppxetex.def
File: ppxetex.def 2020/01/28 v0.5q Pdfpages driver for XeTeX (AM)
)
\AM@pagebox=\box54
\AM@global@opts=\toks19
\AM@pagecnt=\count276
\AM@toc@title=\toks20
\c@AM@survey=\count277
\AM@templatesizebox=\box55
)
(/usr/local/texlive/2020/texmf-dist/tex/latex/float/float.sty
Package: float 2001/11/08 v1.3d Float enhancements (AL)
\c@float@type=\count278
\float@exts=\toks21
\float@box=\box56
\@float@everytoks=\toks22
\@floatcapt=\box57
)
(/usr/local/texlive/2020/texmf-dist/tex/latex/tools/longtable.sty
Package: longtable 2020/01/07 v4.13 Multi-page Table package (DPC)
\LTleft=\skip64
\LTright=\skip65
\LTpre=\skip66
\LTpost=\skip67
\LTchunksize=\count279
\LTcapwidth=\dimen180
\LT@head=\box58
\LT@firsthead=\box59
\LT@foot=\box60
\LT@lastfoot=\box61
\LT@cols=\count280
\LT@rows=\count281
\c@LT@tables=\count282
\c@LT@chunks=\count283
\LT@p@ftn=\toks23
)
(/usr/local/texlive/2020/texmf-dist/tex/latex/diagbox/diagbox.sty
Package: diagbox 2020/02/09 v2.3 Making table heads with diagonal lines

(/usr/local/texlive/2020/texmf-dist/tex/latex/pict2e/pict2e.sty
Package: pict2e 2019/08/20 v0.3c Improved picture commands (HjG,RN,JT)

(/usr/local/texlive/2020/texmf-dist/tex/latex/pict2e/pict2e.cfg
File: pict2e.cfg 2016/02/05 v0.1u pict2e configuration for teTeX/TeXLive
)
Package pict2e Info: Driver file: xetex.def on input line 119.
Package pict2e Info: Driver file for pict2e: p2e-xetex.def on input line 121.

(/usr/local/texlive/2020/texmf-dist/tex/latex/pict2e/p2e-xetex.def
File: p2e-xetex.def 2016/02/05 v0.1u Driver-dependant file (RN,HjG,JT)
)
\pIIe@GRAPH=\toks24
\@arclen=\dimen181
\@arcrad=\dimen182
\@tempdimd=\dimen183
)
(/usr/local/texlive/2020/texmf-dist/tex/latex/tools/array.sty
Package: array 2019/08/31 v2.4l Tabular extension package (FMi)
\col@sep=\dimen184
\ar@mcellbox=\box62
\extrarowheight=\dimen185
\NC@list=\toks25
\extratabsurround=\skip68
\backup@length=\skip69
\ar@cellbox=\box63
)
\diagbox@boxa=\box64
\diagbox@boxb=\box65
\diagbox@boxm=\box66
\diagbox@wd=\dimen186
\diagbox@ht=\dimen187
\diagbox@insepl=\dimen188
\diagbox@insepr=\dimen189
\diagbox@outsepl=\dimen190
\diagbox@outsepr=\dimen191
)
(/usr/local/texlive/2020/texmf-dist/tex/latex/booktabs/booktabs.sty
Package: booktabs 2020/01/12 v1.61803398 Publication quality tables
\heavyrulewidth=\dimen192
\lightrulewidth=\dimen193
\cmidrulewidth=\dimen194
\belowrulesep=\dimen195
\belowbottomsep=\dimen196
\aboverulesep=\dimen197
\abovetopsep=\dimen198
\cmidrulesep=\dimen199
\cmidrulekern=\dimen256
\defaultaddspace=\dimen257
\@cmidla=\count284
\@cmidlb=\count285
\@aboverulesep=\dimen258
\@belowrulesep=\dimen259
\@thisruleclass=\count286
\@lastruleclass=\count287
\@thisrulewidth=\dimen260
)
(/usr/local/texlive/2020/texmf-dist/tex/latex/multirow/multirow.sty
Package: multirow 2019/05/31 v2.5 Span multiple rows of a table
\multirow@colwidth=\skip70
\multirow@cntb=\count288
\multirow@dima=\skip71
\bigstrutjot=\dimen261
)
(/usr/local/texlive/2020/texmf-dist/tex/latex/listings/listings.sty
\lst@mode=\count289
\lst@gtempboxa=\box67
\lst@token=\toks26
\lst@length=\count290
\lst@currlwidth=\dimen262
\lst@column=\count291
\lst@pos=\count292
\lst@lostspace=\dimen263
\lst@width=\dimen264
\lst@newlines=\count293
\lst@lineno=\count294
\lst@maxwidth=\dimen265

(/usr/local/texlive/2020/texmf-dist/tex/latex/listings/lstmisc.sty
File: lstmisc.sty 2020/03/24 1.8d (Carsten Heinz)
\c@lstnumber=\count295
\lst@skipnumbers=\count296
\lst@framebox=\box68
)
(/usr/local/texlive/2020/texmf-dist/tex/latex/listings/listings.cfg
File: listings.cfg 2020/03/24 1.8d listings configuration
))
Package: listings 2020/03/24 1.8d (Carsten Heinz)

(/usr/local/texlive/2020/texmf-dist/tex/latex/tools/multicol.sty
Package: multicol 2019/12/09 v1.8y multicolumn formatting (FMi)
\c@tracingmulticols=\count297
\mult@box=\box69
\multicol@leftmargin=\dimen266
\c@unbalance=\count298
\c@collectmore=\count299
\doublecol@number=\count300
\multicoltolerance=\count301
\multicolpretolerance=\count302
\full@width=\dimen267
\page@free=\dimen268
\premulticols=\dimen269
\postmulticols=\dimen270
\multicolsep=\skip72
\multicolbaselineskip=\skip73
\partial@page=\box70
\last@line=\box71
\maxbalancingoverflow=\dimen271
\mult@rightbox=\box72
\mult@grightbox=\box73
\mult@gfirstbox=\box74
\mult@firstbox=\box75
\@tempa=\box76
\@tempa=\box77
\@tempa=\box78
\@tempa=\box79
\@tempa=\box80
\@tempa=\box81
\@tempa=\box82
\@tempa=\box83
\@tempa=\box84
\@tempa=\box85
\@tempa=\box86
\@tempa=\box87
\@tempa=\box88
\@tempa=\box89
\@tempa=\box90
\@tempa=\box91
\@tempa=\box92
\@tempa=\box93
\@tempa=\box94
\@tempa=\box95
\@tempa=\box96
\@tempa=\box97
\@tempa=\box98
\@tempa=\box99
\@tempa=\box100
\@tempa=\box101
\@tempa=\box102
\@tempa=\box103
\@tempa=\box104
\@tempa=\box105
\@tempa=\box106
\@tempa=\box107
\@tempa=\box108
\@tempa=\box109
\@tempa=\box110
\@tempa=\box111
\@tempa=\box112
\c@minrows=\count303
\c@columnbadness=\count304
\c@finalcolumnbadness=\count305
\last@try=\dimen272
\multicolovershoot=\dimen273
\multicolundershoot=\dimen274
\mult@nat@firstbox=\box113
\colbreak@box=\box114
\mc@col@check@num=\count306
)
(/usr/local/texlive/2020/texmf-dist/tex/latex/tools/tabularx.sty
Package: tabularx 2020/01/15 v2.11c `tabularx' package (DPC)
\TX@col@width=\dimen275
\TX@old@table=\dimen276
\TX@old@col=\dimen277
\TX@target=\dimen278
\TX@delta=\dimen279
\TX@cols=\count307
\TX@ftn=\toks27
)
(/usr/local/texlive/2020/texmf-dist/tex/latex/caption/caption.sty
Package: caption 2020/01/03 v3.4h Customizing captions (AR)

(/usr/local/texlive/2020/texmf-dist/tex/latex/caption/caption3.sty
Package: caption3 2020/01/03 v1.8h caption3 kernel (AR)
Package caption3 Info: TeX engine: e-TeX on input line 61.
\captionmargin=\dimen280
\captionmargin@=\dimen281
\captionwidth=\dimen282
\caption@tempdima=\dimen283
\caption@indent=\dimen284
\caption@parindent=\dimen285
\caption@hangindent=\dimen286
Package caption Info: Standard document class detected.
)
\c@caption@flags=\count308
\c@continuedfloat=\count309
Package caption Info: float package is loaded.
Package caption Info: listings package is loaded.
Package caption Info: longtable package is loaded.

(/usr/local/texlive/2020/texmf-dist/tex/latex/caption/ltcaption.sty
Package: ltcaption 2018/08/26 v1.4a longtable captions (AR)
))
(/usr/local/texlive/2020/texmf-dist/tex/latex/caption/subcaption.sty
Package: subcaption 2020/01/22 v1.3d Sub-captions (AR)
\c@subfigure=\count310
\c@subtable=\count311
)
(/usr/local/texlive/2020/texmf-dist/tex/latex/colortbl/colortbl.sty
Package: colortbl 2020/01/04 v1.0e Color table columns (DPC)
\everycr=\toks28
\minrowclearance=\skip74
)
(/usr/local/texlive/2020/texmf-dist/tex/latex/geometry/geometry.sty
Package: geometry 2020/01/02 v5.9 Page Geometry

(/usr/local/texlive/2020/texmf-dist/tex/generic/iftex/ifvtex.sty
Package: ifvtex 2019/10/25 v1.7 ifvtex legacy package. Use iftex instead.
)
\Gm@cnth=\count312
\Gm@cntv=\count313
\c@Gm@tempcnt=\count314
\Gm@bindingoffset=\dimen287
\Gm@wd@mp=\dimen288
\Gm@odd@mp=\dimen289
\Gm@even@mp=\dimen290
\Gm@layoutwidth=\dimen291
\Gm@layoutheight=\dimen292
\Gm@layouthoffset=\dimen293
\Gm@layoutvoffset=\dimen294
\Gm@dimlist=\toks29
)
(/usr/local/texlive/2020/texmf-dist/tex/latex/titlesec/titletoc.sty
Package: titletoc 2019/10/16 v2.13 TOC entries
\ttl@leftsep=\dimen295
)
(/usr/local/texlive/2020/texmf-dist/tex/latex/titlesec/titlesec.sty
Package: titlesec 2019/10/16 v2.13 Sectioning titles
\ttl@box=\box115
\beforetitleunit=\skip75
\aftertitleunit=\skip76
\ttl@plus=\dimen296
\ttl@minus=\dimen297
\ttl@toksa=\toks30
\titlewidth=\dimen298
\titlewidthlast=\dimen299
\titlewidthfirst=\dimen300
)
(/usr/local/texlive/2020/texmf-dist/tex/latex/amsmath/amsmath.sty
Package: amsmath 2020/01/20 v2.17e AMS math features
\@mathmargin=\skip77

For additional information on amsmath, use the `?' option.
(/usr/local/texlive/2020/texmf-dist/tex/latex/amsmath/amstext.sty
Package: amstext 2000/06/29 v2.01 AMS text

(/usr/local/texlive/2020/texmf-dist/tex/latex/amsmath/amsgen.sty
File: amsgen.sty 1999/11/30 v2.0 generic functions
\@emptytoks=\toks31
\ex@=\dimen301
))
(/usr/local/texlive/2020/texmf-dist/tex/latex/amsmath/amsbsy.sty
Package: amsbsy 1999/11/29 v1.2d Bold Symbols
\pmbraise@=\dimen302
)
(/usr/local/texlive/2020/texmf-dist/tex/latex/amsmath/amsopn.sty
Package: amsopn 2016/03/08 v2.02 operator names
)
\inf@bad=\count315
LaTeX Info: Redefining \frac on input line 227.
\uproot@=\count316
\leftroot@=\count317
LaTeX Info: Redefining \overline on input line 389.
\classnum@=\count318
\DOTSCASE@=\count319
LaTeX Info: Redefining \ldots on input line 486.
LaTeX Info: Redefining \dots on input line 489.
LaTeX Info: Redefining \cdots on input line 610.
\Mathstrutbox@=\box116
\strutbox@=\box117
\big@size=\dimen303
LaTeX Font Info:    Redeclaring font encoding OML on input line 733.
LaTeX Font Info:    Redeclaring font encoding OMS on input line 734.
\macc@depth=\count320
\c@MaxMatrixCols=\count321
\dotsspace@=\muskip17
\c@parentequation=\count322
\dspbrk@lvl=\count323
\tag@help=\toks32
\row@=\count324
\column@=\count325
\maxfields@=\count326
\andhelp@=\toks33
\eqnshift@=\dimen304
\alignsep@=\dimen305
\tagshift@=\dimen306
\tagwidth@=\dimen307
\totwidth@=\dimen308
\lineht@=\dimen309
\@envbody=\toks34
\multlinegap=\skip78
\multlinetaggap=\skip79
\mathdisplay@stack=\toks35
LaTeX Info: Redefining \[ on input line 2859.
LaTeX Info: Redefining \] on input line 2860.
)
(/usr/local/texlive/2020/texmf-dist/tex/latex/mathtools/mathtools.sty
Package: mathtools 2020/03/24 v1.24 mathematical typesetting tools

(/usr/local/texlive/2020/texmf-dist/tex/latex/mathtools/mhsetup.sty
Package: mhsetup 2017/03/31 v1.3 programming setup (MH)
)
LaTeX Info: Thecontrolsequence`\('isalreadyrobust on input line 130.
LaTeX Info: Thecontrolsequence`\)'isalreadyrobust on input line 130.
LaTeX Info: Thecontrolsequence`\['isalreadyrobust on input line 130.
LaTeX Info: Thecontrolsequence`\]'isalreadyrobust on input line 130.
\g_MT_multlinerow_int=\count327
\l_MT_multwidth_dim=\dimen310
\origjot=\skip80
\l_MT_shortvdotswithinadjustabove_dim=\dimen311
\l_MT_shortvdotswithinadjustbelow_dim=\dimen312
\l_MT_above_intertext_sep=\dimen313
\l_MT_below_intertext_sep=\dimen314
\l_MT_above_shortintertext_sep=\dimen315
\l_MT_below_shortintertext_sep=\dimen316
\xmathstrut@box=\box118
\xmathstrut@dim=\dimen317
)
(/usr/local/texlive/2020/texmf-dist/tex/latex/tools/bm.sty
Package: bm 2019/07/24 v1.2d Bold Symbol Support (DPC/FMi)
\symboldoperators=\mathgroup4
\symboldletters=\mathgroup5
\symboldsymbols=\mathgroup6
LaTeX Font Info:    Redeclaring math alphabet \mathbf on input line 141.
LaTeX Info: Redefining \bm on input line 209.
)
(/usr/local/texlive/2020/texmf-dist/tex/latex/tools/enumerate.sty
Package: enumerate 2015/07/23 v3.00 enumerate extensions (DPC)
\@enLab=\toks36
)
(/usr/local/texlive/2020/texmf-dist/tex/latex/url/url.sty
\Urlmuskip=\muskip18
Package: url 2013/09/16  ver 3.4  Verb mode for urls, etc.
)
(/usr/local/texlive/2020/texmf-dist/tex/latex/hyperref/hyperref.sty
Package: hyperref 2020/01/14 v7.00d Hypertext links for LaTeX

(/usr/local/texlive/2020/texmf-dist/tex/latex/pdftexcmds/pdftexcmds.sty
Package: pdftexcmds 2019/11/24 v0.31 Utility functions of pdfTeX for LuaTeX (HO
)
Package pdftexcmds Info: \pdf@primitive is available.
Package pdftexcmds Info: \pdf@ifprimitive is available.
Package pdftexcmds Info: \pdfdraftmode not found.
)
(/usr/local/texlive/2020/texmf-dist/tex/generic/kvsetkeys/kvsetkeys.sty
Package: kvsetkeys 2019/12/15 v1.18 Key value parser (HO)
)
(/usr/local/texlive/2020/texmf-dist/tex/generic/kvdefinekeys/kvdefinekeys.sty
Package: kvdefinekeys 2019-12-19 v1.6 Define keys (HO)
)
(/usr/local/texlive/2020/texmf-dist/tex/generic/pdfescape/pdfescape.sty
Package: pdfescape 2019/12/09 v1.15 Implements pdfTeX's escape features (HO)
)
(/usr/local/texlive/2020/texmf-dist/tex/latex/hycolor/hycolor.sty
Package: hycolor 2020-01-27 v1.10 Color options for hyperref/bookmark (HO)
)
(/usr/local/texlive/2020/texmf-dist/tex/latex/letltxmacro/letltxmacro.sty
Package: letltxmacro 2019/12/03 v1.6 Let assignment for LaTeX macros (HO)
)
(/usr/local/texlive/2020/texmf-dist/tex/latex/auxhook/auxhook.sty
Package: auxhook 2019-12-17 v1.6 Hooks for auxiliary files (HO)
)
(/usr/local/texlive/2020/texmf-dist/tex/latex/kvoptions/kvoptions.sty
Package: kvoptions 2019/11/29 v3.13 Key value format for package options (HO)
)
\@linkdim=\dimen318
\Hy@linkcounter=\count328
\Hy@pagecounter=\count329

(/usr/local/texlive/2020/texmf-dist/tex/latex/hyperref/pd1enc.def
File: pd1enc.def 2020/01/14 v7.00d Hyperref: PDFDocEncoding definition (HO)
)
(/usr/local/texlive/2020/texmf-dist/tex/generic/intcalc/intcalc.sty
Package: intcalc 2019/12/15 v1.3 Expandable calculations with integers (HO)
)
(/usr/local/texlive/2020/texmf-dist/tex/generic/etexcmds/etexcmds.sty
Package: etexcmds 2019/12/15 v1.7 Avoid name clashes with e-TeX commands (HO)
)
\Hy@SavedSpaceFactor=\count330
Package hyperref Info: Option `unicode' set `true' on input line 4421.

(/usr/local/texlive/2020/texmf-dist/tex/latex/hyperref/puenc.def
File: puenc.def 2020/01/14 v7.00d Hyperref: PDF Unicode definition (HO)
)
Package hyperref Info: Option `colorlinks' set `true' on input line 4421.
Package hyperref Info: Option `breaklinks' set `true' on input line 4421.
Package hyperref Info: Hyper figures OFF on input line 4547.
Package hyperref Info: Link nesting OFF on input line 4552.
Package hyperref Info: Hyper index ON on input line 4555.
Package hyperref Info: Plain pages OFF on input line 4562.
Package hyperref Info: Backreferencing OFF on input line 4567.
Package hyperref Info: Implicit mode ON; LaTeX internals redefined.
Package hyperref Info: Bookmarks ON on input line 4800.
\c@Hy@tempcnt=\count331
LaTeX Info: Redefining \url on input line 5159.
\XeTeXLinkMargin=\dimen319

(/usr/local/texlive/2020/texmf-dist/tex/generic/bitset/bitset.sty
Package: bitset 2019/12/09 v1.3 Handle bit-vector datatype (HO)

(/usr/local/texlive/2020/texmf-dist/tex/generic/bigintcalc/bigintcalc.sty
Package: bigintcalc 2019/12/15 v1.5 Expandable calculations on big integers (HO
)
))
\Fld@menulength=\count332
\Field@Width=\dimen320
\Fld@charsize=\dimen321
Package hyperref Info: Hyper figures OFF on input line 6430.
Package hyperref Info: Link nesting OFF on input line 6435.
Package hyperref Info: Hyper index ON on input line 6438.
Package hyperref Info: backreferencing OFF on input line 6445.
Package hyperref Info: Link coloring ON on input line 6448.
Package hyperref Info: Link coloring with OCG OFF on input line 6455.
Package hyperref Info: PDF/A mode OFF on input line 6460.
LaTeX Info: Redefining \ref on input line 6500.
LaTeX Info: Redefining \pageref on input line 6504.
\Hy@abspage=\count333
\c@Item=\count334
\c@Hfootnote=\count335
)
Package hyperref Info: Driver (autodetected): hxetex.

(/usr/local/texlive/2020/texmf-dist/tex/latex/hyperref/hxetex.def
File: hxetex.def 2020/01/14 v7.00d Hyperref driver for XeTeX

(/usr/local/texlive/2020/texmf-dist/tex/generic/stringenc/stringenc.sty
Package: stringenc 2019/11/29 v1.12 Convert strings between diff. encodings (HO
)
)
\pdfm@box=\box119
\c@Hy@AnnotLevel=\count336
\HyField@AnnotCount=\count337
\Fld@listcount=\count338
\c@bookmark@seq@number=\count339

(/usr/local/texlive/2020/texmf-dist/tex/latex/rerunfilecheck/rerunfilecheck.sty
Package: rerunfilecheck 2019/12/05 v1.9 Rerun checks for auxiliary files (HO)
(/usr/local/texlive/2020/texmf-dist/tex/latex/atveryend/atveryend.sty
Package: atveryend 2019-12-11 v1.11 Hooks at the very end of document (HO)
Package atveryend Info: \enddocument detected (standard20110627).
)
(/usr/local/texlive/2020/texmf-dist/tex/generic/uniquecounter/uniquecounter.sty
Package: uniquecounter 2019/12/15 v1.4 Provide unlimited unique counter (HO)
)
Package uniquecounter Info: New unique counter `rerunfilecheck' on input line 2
86.
)
\Hy@SectionHShift=\skip81
) (/usr/local/texlive/2020/texmf-dist/tex/latex/fancyhdr/fancyhdr.sty
Package: fancyhdr 2019/01/31 v3.10 Extensive control of page headers and footer
s
\f@nch@headwidth=\skip82
\f@nch@O@elh=\skip83
\f@nch@O@erh=\skip84
\f@nch@O@olh=\skip85
\f@nch@O@orh=\skip86
\f@nch@O@elf=\skip87
\f@nch@O@erf=\skip88
\f@nch@O@olf=\skip89
\f@nch@O@orf=\skip90
)
(./Chapter/Zhen/cover.tex (./Chapter/Zhen/sduthesis-front-cover.def
\fenlei=\toks37
\DWdaihao=\toks38
\miji=\toks39
\StuNum=\toks40
\CThesisType=\toks41
\EThesisType=\toks42
\Ctitle=\toks43
\Etitle=\toks44
\Cauthor=\toks45
\Cmajor=\toks46
\Csuperver=\toks47
\Ccosuperver=\toks48
\Cdate=\toks49
\Dpart=\toks50
\Grade=\toks51
\ThesisHeader=\toks52
\EThesisHeader=\toks53

(/usr/local/texlive/2020/texmf-dist/tex/latex/makecell/makecell.sty
Package: makecell 2009/08/03 V0.1e Managing of Tab Column Heads and Cells
\rotheadsize=\dimen322
\c@nlinenum=\count340
\TeXr@lab=\toks54
))
(./Chapter/Zhen/sduthesis-statement.def))
(/usr/local/texlive/2020/texmf-dist/tex/latex/biblatex/biblatex.sty
Package: biblatex 2019/12/01 v3.14 programmable bibliographies (PK/MW)

(/usr/local/texlive/2020/texmf-dist/tex/latex/etoolbox/etoolbox.sty
Package: etoolbox 2019/09/21 v2.5h e-TeX tools for LaTeX (JAW)
\etb@tempcnta=\count341
)
(/usr/local/texlive/2020/texmf-dist/tex/latex/logreq/logreq.sty
Package: logreq 2010/08/04 v1.0 xml request logger
\lrq@indent=\count342

(/usr/local/texlive/2020/texmf-dist/tex/latex/logreq/logreq.def
File: logreq.def 2010/08/04 v1.0 logreq spec v1.0
))
\c@tabx@nest=\count343
\c@listtotal=\count344
\c@listcount=\count345
\c@liststart=\count346
\c@liststop=\count347
\c@citecount=\count348
\c@citetotal=\count349
\c@multicitecount=\count350
\c@multicitetotal=\count351
\c@instcount=\count352
\c@maxnames=\count353
\c@minnames=\count354
\c@maxitems=\count355
\c@minitems=\count356
\c@citecounter=\count357
\c@maxcitecounter=\count358
\c@savedcitecounter=\count359
\c@uniquelist=\count360
\c@uniquename=\count361
\c@refsection=\count362
\c@refsegment=\count363
\c@maxextratitle=\count364
\c@maxextratitleyear=\count365
\c@maxextraname=\count366
\c@maxextradate=\count367
\c@maxextraalpha=\count368
\c@abbrvpenalty=\count369
\c@highnamepenalty=\count370
\c@lownamepenalty=\count371
\c@maxparens=\count372
\c@parenlevel=\count373
\blx@tempcnta=\count374
\blx@tempcntb=\count375
\blx@tempcntc=\count376
\blx@maxsection=\count377
\blx@maxsegment@0=\count378
\blx@notetype=\count379
\blx@parenlevel@text=\count380
\blx@parenlevel@foot=\count381
\blx@sectionciteorder@0=\count382
\blx@entrysetcounter=\count383
\labelnumberwidth=\skip91
\labelalphawidth=\skip92
\biblabelsep=\skip93
\bibitemsep=\skip94
\bibnamesep=\skip95
\bibinitsep=\skip96
\bibparsep=\skip97
\bibhang=\skip98
\blx@bcfin=\read2
\blx@bcfout=\write3
\blx@langwohyphens=\language86
\c@mincomprange=\count384
\c@maxcomprange=\count385
\c@mincompwidth=\count386
Package biblatex Info: Trying to load biblatex default data model...
Package biblatex Info: ... file 'blx-dm.def' found.

(/usr/local/texlive/2020/texmf-dist/tex/latex/biblatex/blx-dm.def
File: blx-dm.def 2019/12/01 v3.14 biblatex localization (PK/MW)
)
Package biblatex Info: Trying to load biblatex style data model...
Package biblatex Info: ... file 'numeric.dbx' not found.
Package biblatex Info: Trying to load biblatex custom data model...
Package biblatex Info: ... file 'biblatex-dm.cfg' not found.
\c@afterword=\count387
\c@savedafterword=\count388
\c@annotator=\count389
\c@savedannotator=\count390
\c@author=\count391
\c@savedauthor=\count392
\c@bookauthor=\count393
\c@savedbookauthor=\count394
\c@commentator=\count395
\c@savedcommentator=\count396
\c@editor=\count397
\c@savededitor=\count398
\c@editora=\count399
\c@savededitora=\count400
\c@editorb=\count401
\c@savededitorb=\count402
\c@editorc=\count403
\c@savededitorc=\count404
\c@foreword=\count405
\c@savedforeword=\count406
\c@holder=\count407
\c@savedholder=\count408
\c@introduction=\count409
\c@savedintroduction=\count410
\c@namea=\count411
\c@savednamea=\count412
\c@nameb=\count413
\c@savednameb=\count414
\c@namec=\count415
\c@savednamec=\count416
\c@translator=\count417
\c@savedtranslator=\count418
\c@shortauthor=\count419
\c@savedshortauthor=\count420
\c@shorteditor=\count421
\c@savedshorteditor=\count422
\c@labelname=\count423
\c@savedlabelname=\count424
\c@institution=\count425
\c@savedinstitution=\count426
\c@lista=\count427
\c@savedlista=\count428
\c@listb=\count429
\c@savedlistb=\count430
\c@listc=\count431
\c@savedlistc=\count432
\c@listd=\count433
\c@savedlistd=\count434
\c@liste=\count435
\c@savedliste=\count436
\c@listf=\count437
\c@savedlistf=\count438
\c@location=\count439
\c@savedlocation=\count440
\c@organization=\count441
\c@savedorganization=\count442
\c@origlocation=\count443
\c@savedoriglocation=\count444
\c@origpublisher=\count445
\c@savedorigpublisher=\count446
\c@publisher=\count447
\c@savedpublisher=\count448
\c@language=\count449
\c@savedlanguage=\count450
\c@origlanguage=\count451
\c@savedoriglanguage=\count452
\c@pageref=\count453
\c@savedpageref=\count454
\shorthandwidth=\skip99
\shortjournalwidth=\skip100
\shortserieswidth=\skip101
\shorttitlewidth=\skip102
\shortauthorwidth=\skip103
\shorteditorwidth=\skip104
\locallabelnumberwidth=\skip105
\locallabelalphawidth=\skip106
\localshorthandwidth=\skip107
\localshortjournalwidth=\skip108
\localshortserieswidth=\skip109
\localshorttitlewidth=\skip110
\localshortauthorwidth=\skip111
\localshorteditorwidth=\skip112
Package biblatex Info: Trying to load enhanced support for Unicode engines...
Package biblatex Info: ... file 'blx-unicode.def' found.

(/usr/local/texlive/2020/texmf-dist/tex/latex/biblatex/blx-unicode.def)
Package biblatex Info: Trying to load compatibility code...
Package biblatex Info: ... file 'blx-compat.def' found.

(/usr/local/texlive/2020/texmf-dist/tex/latex/biblatex/blx-compat.def
File: blx-compat.def 2019/12/01 v3.14 biblatex compatibility (PK/MW)
)
Package biblatex Info: Trying to load generic definitions...
Package biblatex Info: ... file 'biblatex.def' found.

(/usr/local/texlive/2020/texmf-dist/tex/latex/biblatex/biblatex.def
File: biblatex.def 2019/12/01 v3.14 biblatex compatibility (PK/MW)
\c@textcitecount=\count455
\c@textcitetotal=\count456
\c@textcitemaxnames=\count457
\c@biburlbigbreakpenalty=\count458
\c@biburlbreakpenalty=\count459
\c@biburlnumpenalty=\count460
\c@biburlucpenalty=\count461
\c@biburllcpenalty=\count462
\biburlbigskip=\muskip19
\biburlnumskip=\muskip20
\biburlucskip=\muskip21
\biburllcskip=\muskip22
\c@smartand=\count463
)
Package biblatex Info: Trying to load bibliography style 'numeric'...
Package biblatex Info: ... file 'numeric.bbx' found.

(/usr/local/texlive/2020/texmf-dist/tex/latex/biblatex/bbx/numeric.bbx
File: numeric.bbx 2019/12/01 v3.14 biblatex bibliography style (PK/MW)
Package biblatex Info: Trying to load bibliography style 'standard'...
Package biblatex Info: ... file 'standard.bbx' found.

(/usr/local/texlive/2020/texmf-dist/tex/latex/biblatex/bbx/standard.bbx
File: standard.bbx 2019/12/01 v3.14 biblatex bibliography style (PK/MW)
\c@bbx:relatedcount=\count464
\c@bbx:relatedtotal=\count465
))
Package biblatex Info: Trying to load citation style 'numeric'...
Package biblatex Info: ... file 'numeric.cbx' found.

(/usr/local/texlive/2020/texmf-dist/tex/latex/biblatex/cbx/numeric.cbx
File: numeric.cbx 2019/12/01 v3.14 biblatex citation style (PK/MW)
Package biblatex Info: Redefining '\cite'.
Package biblatex Info: Redefining '\parencite'.
Package biblatex Info: Redefining '\footcite'.
Package biblatex Info: Redefining '\footcitetext'.
Package biblatex Info: Redefining '\smartcite'.
Package biblatex Info: Redefining '\supercite'.
Package biblatex Info: Redefining '\textcite'.
Package biblatex Info: Redefining '\textcites'.
Package biblatex Info: Redefining '\cites'.
Package biblatex Info: Redefining '\parencites'.
Package biblatex Info: Redefining '\smartcites'.
)
Package biblatex Info: Trying to load configuration file...
Package biblatex Info: ... file 'biblatex.cfg' found.

(/usr/local/texlive/2020/texmf-dist/tex/latex/biblatex/biblatex.cfg
File: biblatex.cfg 
))
\@quotelevel=\count466
\@quotereset=\count467

(/usr/local/texlive/2020/texmf-dist/tex/xelatex/xecjk/xeCJK-listings.sty
Package: xeCJK-listings 2020/02/18 v3.8.2 xeCJK patch file for listings
\l__xeCJK_listings_max_char_int=\count468
\l__xeCJK_listings_flag_int=\count469
)
(./MyPhDThesis.aux (./Chapter/Zhen/Abstract_Cc.aux)
(./Chapter/Zhen/Abstract_Ec.aux)

LaTeX Warning: Label `fig:STAR19p6' multiply defined.


LaTeX Warning: Label `fig:STAR19p6' multiply defined.


LaTeX Warning: Label `fig:Ghost_Hit_plots' multiply defined.


LaTeX Warning: Label `chap:Dielectron' multiply defined.


LaTeX Warning: Label `fig:Mean_pureSample' multiply defined.


LaTeX Warning: Label `fig:TOFEff' multiply defined.


LaTeX Warning: Label `fig:TOFEff' multiply defined.

)
\openout1 = `MyPhDThesis.aux'.

LaTeX Font Info:    Checking defaults for OML/cmm/m/it on input line 271.
LaTeX Font Info:    ... okay on input line 271.
LaTeX Font Info:    Checking defaults for OMS/cmsy/m/n on input line 271.
LaTeX Font Info:    ... okay on input line 271.
LaTeX Font Info:    Checking defaults for OT1/cmr/m/n on input line 271.
LaTeX Font Info:    ... okay on input line 271.
LaTeX Font Info:    Checking defaults for T1/cmr/m/n on input line 271.
LaTeX Font Info:    ... okay on input line 271.
LaTeX Font Info:    Checking defaults for TS1/cmr/m/n on input line 271.
LaTeX Font Info:    ... okay on input line 271.
LaTeX Font Info:    Checking defaults for TU/lmr/m/n on input line 271.
LaTeX Font Info:    ... okay on input line 271.
LaTeX Font Info:    Checking defaults for OMX/cmex/m/n on input line 271.
LaTeX Font Info:    ... okay on input line 271.
LaTeX Font Info:    Checking defaults for U/cmr/m/n on input line 271.
LaTeX Font Info:    ... okay on input line 271.
LaTeX Font Info:    Checking defaults for PD1/pdf/m/n on input line 271.
LaTeX Font Info:    ... okay on input line 271.
LaTeX Font Info:    Checking defaults for PU/pdf/m/n on input line 271.
LaTeX Font Info:    ... okay on input line 271.
 ABD: EverySelectfont initializing macros
LaTeX Info: Redefining \selectfont on input line 271.

Package fontspec Info: Adjusting the maths setup (use [no-math] to avoid
(fontspec)             this).

\symlegacymaths=\mathgroup7
LaTeX Font Info:    Overwriting symbol font `legacymaths' in version `bold'
(Font)                  OT1/cmr/m/n --> OT1/cmr/bx/n on input line 271.
LaTeX Font Info:    Redeclaring math accent \acute on input line 271.
LaTeX Font Info:    Redeclaring math accent \grave on input line 271.
LaTeX Font Info:    Redeclaring math accent \ddot on input line 271.
LaTeX Font Info:    Redeclaring math accent \tilde on input line 271.
LaTeX Font Info:    Redeclaring math accent \bar on input line 271.
LaTeX Font Info:    Redeclaring math accent \breve on input line 271.
LaTeX Font Info:    Redeclaring math accent \check on input line 271.
LaTeX Font Info:    Redeclaring math accent \hat on input line 271.
LaTeX Font Info:    Redeclaring math accent \dot on input line 271.
LaTeX Font Info:    Redeclaring math accent \mathring on input line 271.
LaTeX Font Info:    Redeclaring math symbol \Gamma on input line 271.
LaTeX Font Info:    Redeclaring math symbol \Delta on input line 271.
LaTeX Font Info:    Redeclaring math symbol \Theta on input line 271.
LaTeX Font Info:    Redeclaring math symbol \Lambda on input line 271.
LaTeX Font Info:    Redeclaring math symbol \Xi on input line 271.
LaTeX Font Info:    Redeclaring math symbol \Pi on input line 271.
LaTeX Font Info:    Redeclaring math symbol \Sigma on input line 271.
LaTeX Font Info:    Redeclaring math symbol \Upsilon on input line 271.
LaTeX Font Info:    Redeclaring math symbol \Phi on input line 271.
LaTeX Font Info:    Redeclaring math symbol \Psi on input line 271.
LaTeX Font Info:    Redeclaring math symbol \Omega on input line 271.
LaTeX Font Info:    Redeclaring math symbol \mathdollar on input line 271.
LaTeX Font Info:    Redeclaring symbol font `operators' on input line 271.
LaTeX Font Info:    Encoding `OT1' has changed to `TU' for symbol font
(Font)              `operators' in the math version `normal' on input line 271.

LaTeX Font Info:    Overwriting symbol font `operators' in version `normal'
(Font)                  OT1/cmr/m/n --> TU/lmr/m/n on input line 271.
LaTeX Font Info:    Encoding `OT1' has changed to `TU' for symbol font
(Font)              `operators' in the math version `bold' on input line 271.
LaTeX Font Info:    Overwriting symbol font `operators' in version `bold'
(Font)                  OT1/cmr/bx/n --> TU/lmr/m/n on input line 271.
LaTeX Font Info:    Overwriting symbol font `operators' in version `normal'
(Font)                  TU/lmr/m/n --> TU/lmr/m/n on input line 271.
LaTeX Font Info:    Overwriting math alphabet `\mathit' in version `normal'
(Font)                  OT1/cmr/m/it --> TU/lmr/m/it on input line 271.
LaTeX Font Info:    Overwriting math alphabet `\mathbf' in version `normal'
(Font)                  OT1/cmr/bx/n --> TU/lmr/b/n on input line 271.
LaTeX Font Info:    Overwriting math alphabet `\mathsf' in version `normal'
(Font)                  OT1/cmss/m/n --> TU/lmss/m/n on input line 271.
LaTeX Font Info:    Overwriting math alphabet `\mathtt' in version `normal'
(Font)                  OT1/cmtt/m/n --> TU/lmtt/m/n on input line 271.
LaTeX Font Info:    Overwriting symbol font `operators' in version `bold'
(Font)                  TU/lmr/m/n --> TU/lmr/b/n on input line 271.
LaTeX Font Info:    Overwriting math alphabet `\mathit' in version `bold'
(Font)                  OT1/cmr/bx/it --> TU/lmr/b/it on input line 271.
LaTeX Font Info:    Overwriting math alphabet `\mathsf' in version `bold'
(Font)                  OT1/cmss/bx/n --> TU/lmss/b/n on input line 271.
LaTeX Font Info:    Overwriting math alphabet `\mathtt' in version `bold'
(Font)                  OT1/cmtt/m/n --> TU/lmtt/b/n on input line 271.
\AtBeginShipoutBox=\box120

(/usr/local/texlive/2020/texmf-dist/tex/latex/pdflscape/pdflscape.sty
Package: pdflscape 2019/12/05 v0.12 Display of landscape pages in PDF (HO)

(/usr/local/texlive/2020/texmf-dist/tex/latex/graphics/lscape.sty
Package: lscape 2000/10/22 v3.01 Landscape Pages (DPC)
)
Package pdflscape Info: Auto-detected driver: dvipdfm (xetex) on input line 98.

)
\c@lstlisting=\count470
Package caption Info: Begin \AtBeginDocument code.
Package caption Info: hyperref package is loaded.
Package caption Info: End \AtBeginDocument code.

*geometry* driver: auto-detecting
*geometry* detected driver: xetex
*geometry* verbose mode - [ preamble ] result:
* driver: xetex
* paper: a4paper
* layout: <same size as paper>
* layoutoffset:(h,v)=(0.0pt,0.0pt)
* modes: twoside 
* h-part:(L,W,R)=(72.26999pt, 452.9679pt, 72.26999pt)
* v-part:(T,H,B)=(72.26999pt, 700.50687pt, 72.26999pt)
* \paperwidth=597.50787pt
* \paperheight=845.04684pt
* \textwidth=452.9679pt
* \textheight=700.50687pt
* \oddsidemargin=0.0pt
* \evensidemargin=0.0pt
* \topmargin=-31.8738pt
* \headheight=12.0pt
* \headsep=19.8738pt
* \topskip=12.0pt
* \footskip=30.0pt
* \marginparwidth=88.0pt
* \marginparsep=7.0pt
* \columnsep=10.0pt
* \skip\footins=10.8pt plus 4.0pt minus 2.0pt
* \hoffset=0.0pt
* \voffset=0.0pt
* \mag=1000
* \@twocolumnfalse
* \@twosidetrue
* \@mparswitchtrue
* \@reversemarginfalse
* (1in=72.27pt=25.4mm, 1cm=28.453pt)

Package hyperref Info: Link coloring ON on input line 271.
(/usr/local/texlive/2020/texmf-dist/tex/latex/hyperref/nameref.sty
Package: nameref 2019/09/16 v2.46 Cross-referencing by name of section

(/usr/local/texlive/2020/texmf-dist/tex/latex/refcount/refcount.sty
Package: refcount 2019/12/15 v3.6 Data extraction from label references (HO)
)
(/usr/local/texlive/2020/texmf-dist/tex/generic/gettitlestring/gettitlestring.s
ty
Package: gettitlestring 2019/12/15 v1.6 Cleanup title references (HO)
)
\c@section@level=\count471
)
LaTeX Info: Redefining \ref on input line 271.
LaTeX Info: Redefining \pageref on input line 271.
LaTeX Info: Redefining \nameref on input line 271.
 (./MyPhDThesis.out) (./MyPhDThesis.out)
\@outlinefile=\write4
\openout4 = `MyPhDThesis.out'.

Package biblatex Info: Trying to load language 'english'...
Package biblatex Info: ... file 'english.lbx' found.

(/usr/local/texlive/2020/texmf-dist/tex/latex/biblatex/lbx/english.lbx
File: english.lbx 2019/12/01 v3.14 biblatex localization (PK/MW)
)
Package biblatex Info: XeTeX detected.
(biblatex)             Assuming input encoding 'utf8'.
Package biblatex Info: Automatic encoding selection.
(biblatex)             Assuming data encoding 'utf8'.
\openout3 = `MyPhDThesis.bcf'.

Package biblatex Info: Trying to load bibliographic data...
Package biblatex Info: ... file 'MyPhDThesis.bbl' not found.

No file MyPhDThesis.bbl.
Package biblatex Info: Reference section=0 on input line 271.
Package biblatex Info: Reference segment=0 on input line 271.

Package fontspec Warning: Font "FandolSong-Regular" does not contain requested
(fontspec)                Script "CJK".


Package fontspec Info: Font family 'FandolSong-Regular(1)' created for font
(fontspec)             'FandolSong-Regular' with options
(fontspec)             [Script={CJK},Extension={.otf},BoldFont={FandolSong-Bold
}].
(fontspec)              
(fontspec)              This font family consists of the following NFSS
(fontspec)             series/shapes:
(fontspec)              
(fontspec)             - 'normal' (m/n) with NFSS spec.:
(fontspec)             <->"[FandolSong-Regular.otf]/OT:language=dflt;"
(fontspec)             - 'small caps'  (m/sc) with NFSS spec.: 
(fontspec)             - 'bold' (b/n) with NFSS spec.:
(fontspec)             <->"[FandolSong-Bold.otf]/OT:language=dflt;"
(fontspec)             - 'bold small caps'  (b/sc) with NFSS spec.: 


Underfull \hbox (badness 10000) detected at line 274
\TU/FandolSong-Regular(1)/b/n/14.05249 分 类 号
 []


Package fontspec Warning: Font "FandolHei-Regular" does not contain requested
(fontspec)                Script "CJK".


Package fontspec Info: Font family 'FandolHei-Regular(0)' created for font
(fontspec)             'FandolHei-Regular' with options
(fontspec)             [Script={CJK},Extension={.otf},BoldFont={FandolHei-Bold}
].
(fontspec)              
(fontspec)              This font family consists of the following NFSS
(fontspec)             series/shapes:
(fontspec)              
(fontspec)             - 'normal' (m/n) with NFSS spec.:
(fontspec)             <->"[FandolHei-Regular.otf]/OT:language=dflt;"
(fontspec)             - 'small caps'  (m/sc) with NFSS spec.: 
(fontspec)             - 'bold' (b/n) with NFSS spec.:
(fontspec)             <->"[FandolHei-Bold.otf]/OT:language=dflt;"
(fontspec)             - 'bold small caps'  (b/sc) with NFSS spec.: 


Underfull \hbox (badness 10000) detected at line 274
\TU/FandolSong-Regular(1)/b/n/14.05249 密 级
 []


Underfull \hbox (badness 10000) detected at line 274
\TU/FandolSong-Regular(1)/b/n/14.05249 学 号
 []

File: SDUWords.jpg Graphic file (type bmp)
<SDUWords.jpg>
[1


] [2

] [1

] [2]
\openout2 = `Chapter/Zhen/Abstract_Cc.aux'.

 (./Chapter/Zhen/Abstract_Cc.tex)

Package Fancyhdr Warning: \headheight is too small (12.0pt): 
Make it at least 14.87228pt.
We now make it that large for the rest of the document.
This may cause the page layout to be inconsistent, however.

[1


]
\openout2 = `Chapter/Zhen/Abstract_Ec.aux'.

 (./Chapter/Zhen/Abstract_Ec.tex [2



] [3] [4

]) (./MyPhDThesis.toc [5


])
\tf@toc=\write5
\openout5 = `MyPhDThesis.toc'.


[6] (./MyPhDThesis.lof [7

] [8])
\tf@lof=\write6
\openout6 = `MyPhDThesis.lof'.

 [9] [10

] (./MyPhDThesis.lot)
\tf@lot=\write7
\openout7 = `MyPhDThesis.lot'.

 [11]
(./Chapter/Zhen/Chapter1.tex
第一章
(./Chapter/Zhen/Chapter1_1.tex
File: figures/Chapter1/ParticleTable.png Graphic file (type bmp)
<figures/Chapter1/ParticleTable.png>
 [1

]
Underfull \vbox (badness 1127) has occurred while \output is active []

 [2])
(./Chapter/Zhen/Chapter1_2.tex
File: figures/Chapter1/Alpha_s.png Graphic file (type bmp)
<figures/Chapter1/Alpha_s.png>
 [3]) (./Chapter/Zhen/Chapter1_4.tex
File: figures/Chapter1/PhaseDiagram.png Graphic file (type bmp)
<figures/Chapter1/PhaseDiagram.png>
)
(./Chapter/Zhen/Chapter1_5.tex [4] [5]
File: figures/Chapter1/MexHat.png Graphic file (type bmp)
<figures/Chapter1/MexHat.png>
 [6]) (./Chapter/Zhen/Chapter1_6.tex
File: figures/Chapter1/ImpactParameter.png Graphic file (type bmp)
<figures/Chapter1/ImpactParameter.png>
File: figures/Chapter1/Centrality.png Graphic file (type bmp)
<figures/Chapter1/Centrality.png>

[7]
File: figures/Chapter1/little_bang-10wt2pd.jpeg Graphic file (type bmp)
<figures/Chapter1/little_bang-10wt2pd.jpeg>

Underfull \hbox (badness 10000) in paragraph at lines 41--41
[]\TU/FandolSong-Regular(0)/m/n/12 图 \TU/lmr/m/n/12 1.4.7: |[]\TU/FandolSong-Re
gular(0)/m/n/12 一 次 重 离 子 对 撞 发 生 后 的 系 统 演 化 的 示 意 图。|  图 源
 []

) (./Chapter/Zhen/Chapter1_7.tex (./Chapter/Zhen/Chapter1_7_1.tex
Underfull \vbox (badness 10000) has occurred while \output is active []

 [8]
File: figures/Chapter1/DileptonSpectra.png Graphic file (type bmp)
<figures/Chapter1/DileptonSpectra.png>

Underfull \vbox (badness 1281) has occurred while \output is active []

 [9]
[10]) (./Chapter/Zhen/Chapter1_7_2.tex
Underfull \vbox (badness 8151) has occurred while \output is active []

 [11]
File: figures/Chapter1/NA45pBe.png Graphic file (type bmp)
<figures/Chapter1/NA45pBe.png>
File: figures/Chapter1/NA45pAu.png Graphic file (type bmp)
<figures/Chapter1/NA45pAu.png>

[12]
File: figures/Chapter1/NA45SAu.png Graphic file (type bmp)
<figures/Chapter1/NA45SAu.png>
File: figures/Chapter1/NA45PbAu.png Graphic file (type bmp)
<figures/Chapter1/NA45PbAu.png>
File: figures/Chapter1/NA60NoCen.png Graphic file (type bmp)
<figures/Chapter1/NA60NoCen.png>
File: figures/Chapter1/NA60SemiCentral.png Graphic file (type bmp)
<figures/Chapter1/NA60SemiCentral.png>
 [13]
File: figures/Chapter1/NA60T.png Graphic file (type bmp)
<figures/Chapter1/NA60T.png>

Underfull \vbox (badness 2781) has occurred while \output is active []

 [14]
File: figures/Chapter1/PHENIXpp.png Graphic file (type bmp)
<figures/Chapter1/PHENIXpp.png>
File: figures/Chapter1/PHENIXAuAu.png Graphic file (type bmp)
<figures/Chapter1/PHENIXAuAu.png>


LaTeX Warning: Reference `fig:STARpp' on page 15 undefined on input line 110.


LaTeX Warning: Reference `fig:STARAuAu' on page 15 undefined on input line 112.


[15]
File: figures/Chapter1/STARpp.png Graphic file (type bmp)
<figures/Chapter1/STARpp.png>
File: figures/Chapter1/STARAuAu200.png Graphic file (type bmp)
<figures/Chapter1/STARAuAu200.png>
File: figures/Chapter1/STARBES.png Graphic file (type bmp)
<figures/Chapter1/STARBES.png>
File: figures/Chapter1/STAR19p6.png Graphic file (type bmp)
<figures/Chapter1/STAR19p6.png>
))) [16] [17] [18] [19] [20

] (./Chapter/Zhen/Chapter2.tex
第二章
(./Chapter/Zhen/Chapter2_1.tex
File: figures/Chapter2/RHIC.png Graphic file (type bmp)
<figures/Chapter2/RHIC.png>
) (./Chapter/Zhen/Chapter2_2.tex [21

]
File: figures/Chapter2/TPC.png Graphic file (type bmp)
<figures/Chapter2/TPC.png>
 [22]
File: figures/Chapter2/HowTPCWork.png Graphic file (type bmp)
<figures/Chapter2/HowTPCWork.png>

[23]
File: figures/Chapter2/MWPC.png Graphic file (type bmp)
<figures/Chapter2/MWPC.png>
File: figures/Chapter2/iTPC.png Graphic file (type bmp)
<figures/Chapter2/iTPC.png>
 [24]
File: figures/Chapter2/dEdx.png Graphic file (type bmp)
<figures/Chapter2/dEdx.png>
 (./Chapter/Zhen/Chapter2_2_2.tex
File: figures/Chapter2/MRPC.png Graphic file (type bmp)
<figures/Chapter2/MRPC.png>
 [25]
File: figures/Chapter2/BetaDistribution.png Graphic file (type bmp)
<figures/Chapter2/BetaDistribution.png>
File: figures/Chapter2/dEdxwithTOF.png Graphic file (type bmp)
<figures/Chapter2/dEdxwithTOF.png>
))) [26] [27] [28

]
(./Chapter/Zhen/Chapter4.tex
第三章
(./Chapter/Zhen/Chapter4_1.tex
File: figures/Chapter3/FMS.png Graphic file (type bmp)
<figures/Chapter3/FMS.png>
File: figures/Chapter3/FWD.png Graphic file (type bmp)
<figures/Chapter3/FWD.png>
 [29

]
File: figures/Chapter2/sTGC.png Graphic file (type bmp)
<figures/Chapter2/sTGC.png>
) (./Chapter/Zhen/Chapter4_2.tex [30]
[31]
File: figures/Chapter3/sTGC_Layers.png Graphic file (type bmp)
<figures/Chapter3/sTGC_Layers.png>
File: figures/Chapter3/sTGC_chamber.png Graphic file (type bmp)
<figures/Chapter3/sTGC_chamber.png>
File: figures/Chapter3/sTGC_side_view.png Graphic file (type bmp)
<figures/Chapter3/sTGC_side_view.png>

Underfull \vbox (badness 1152) has occurred while \output is active []

 [32]
File: figures/Chapter3/Avalanche.png Graphic file (type bmp)
<figures/Chapter3/Avalanche.png>
)
(./Chapter/Zhen/Chapter4_3.tex
Underfull \vbox (badness 1810) has occurred while \output is active []

 [33]
(./Chapter/Zhen/Chapter4_3_1.tex
File: figures/Chapter3/TPXChannel.png Graphic file (type bmp)
<figures/Chapter3/TPXChannel.png>
File: figures/Chapter3/TiggerCarton.png Graphic file (type bmp)
<figures/Chapter3/TiggerCarton.png>
 [34]
File: figures/Chapter3/TPX_map.png Graphic file (type bmp)
<figures/Chapter3/TPX_map.png>
 [35]
File: figures/Chapter3/ADC_Distribution_0V.png Graphic file (type bmp)
<figures/Chapter3/ADC_Distribution_0V.png>
 [36]
File: figures/Chapter3/Strip_TB_ADC.png Graphic file (type bmp)
<figures/Chapter3/Strip_TB_ADC.png>
File: figures/Chapter3/Strip_TB_ADC_noise.png Graphic file (type bmp)
<figures/Chapter3/Strip_TB_ADC_noise.png>
File: figures/Chapter3/Cosmic_first.png Graphic file (type bmp)
<figures/Chapter3/Cosmic_first.png>

Overfull \hbox (16.97438pt too wide) in paragraph at lines 74--97
\TU/FandolSong-Regular(0)/m/n/12 其 中 $\OML/cmm/m/it/12 N[]$ \TU/FandolSong-Regu
lar(0)/m/n/12 为 总 的 宇 宙 线 触 发 事 例 数，| $\OML/cmm/m/it/12 N[]$ \TU/FandolSong-Reg
ular(0)/m/n/12 为 一 个 事 例 当 中 \TU/lmr/m/n/12 top(bottom)
 []


LaTeX Warning: `!h' float specifier changed to `!ht'.

File: figures/Chapter3/GasFlow.png Graphic file (type bmp)
<figures/Chapter3/GasFlow.png>
[37]
File: figures/Chapter3/Temperature.png Graphic file (type bmp)
<figures/Chapter3/Temperature.png>
 [38]

LaTeX Warning: `!h' float specifier changed to `!ht'.

[39]
File: figures/Chapter3/BeamHVpng.png Graphic file (type bmp)
<figures/Chapter3/BeamHVpng.png>
) (./Chapter/Zhen/Chapter4_3_2.tex [40]
Underfull \vbox (badness 1107) has occurred while \output is active []

 [41]
File: figures/Chapter3/LargePrototype_PCB.png Graphic file (type bmp)
<figures/Chapter3/LargePrototype_PCB.png>
)
(./Chapter/Zhen/Chapter4_3_3.tex
File: figures/Chapter3/S18_traveller.png Graphic file (type bmp)
<figures/Chapter3/S18_traveller.png>
 [42] [43]
File: figures/Chapter3/LeakCurrent_LeCory.png Graphic file (type bmp)
<figures/Chapter3/LeakCurrent_LeCory.png>
File: figures/Chapter3/SY5227LeakCurret.png Graphic file (type bmp)
<figures/Chapter3/SY5227LeakCurret.png>

Overfull \hbox (1.28822pt too wide) in paragraph at lines 23--43
[]\TU/FandolSong-Regular(0)/m/n/12 之 后 的 测 试 当 中 电 源 被 更 换 为 \TU/lmr/m/n/12 CAN
E SY5527\TU/FandolSong-Regular(0)/m/n/12 ，|  即 当 前 向 窄 隙 室 探 测 器 安 装 到 \TU/lmr/
m/n/12 STAR
 []


LaTeX Warning: `!h' float specifier changed to `!ht'.

File: figures/Chapter3/LeakCurrent_SY5527_2900.png Graphic file (type bmp)
<figures/Chapter3/LeakCurrent_SY5527_2900.png>
)) (./Chapter/Zhen/Chapter4_4.tex [44] (./Chapter/Zhen/Chapter4_4_1.tex
File: figures/Chapter3/Simulator_flow.png Graphic file (type bmp)
<figures/Chapter3/Simulator_flow.png>

Underfull \vbox (badness 10000) has occurred while \output is active []

 [45]
File: figures/Chapter3/sTGC_PCB_HV.png Graphic file (type bmp)
<figures/Chapter3/sTGC_PCB_HV.png>
File: figures/Chapter3/sTGC_PCB_Diag.png Graphic file (type bmp)
<figures/Chapter3/sTGC_PCB_Diag.png>

[46]
File: figures/Chapter3/Simulator_Cluster.png Graphic file (type bmp)
<figures/Chapter3/Simulator_Cluster.png>
 [47]) (./Chapter/Zhen/Chapter4_4_2.tex
File: figures/Chapter3/Cluster_Finder_work_flow.png Graphic file (type bmp)
<figures/Chapter3/Cluster_Finder_work_flow.png>
 [48]
File: figures/Chapter3/Ghost_hit.png Graphic file (type bmp)
<figures/Chapter3/Ghost_hit.png>
File: figures/Chapter3/Reject_Ghost_Hit.png Graphic file (type bmp)
<figures/Chapter3/Reject_Ghost_Hit.png>
File: figures/Chapter3/Strip_Group.png Graphic file (type bmp)
<figures/Chapter3/Strip_Group.png>
 [49] [50]
File: figures/Chapter3/ADC_Group_Projection.png Graphic file (type bmp)
<figures/Chapter3/ADC_Group_Projection.png>


LaTeX Warning: `!h' float specifier changed to `!ht'.

[51]
File: figures/Chapter3/Sample_step.png Graphic file (type bmp)
<figures/Chapter3/Sample_step.png>
 [52]
File: figures/Chapter3/Resolution_1.png Graphic file (type bmp)
<figures/Chapter3/Resolution_1.png>
File: figures/Chapter3/Resolution_2.png Graphic file (type bmp)
<figures/Chapter3/Resolution_2.png>
File: figures/Chapter3/Resolution_3.png Graphic file (type bmp)
<figures/Chapter3/Resolution_3.png>
File: figures/Chapter3/Resolution_4.png Graphic file (type bmp)
<figures/Chapter3/Resolution_4.png>
))) [53] [54

] (./Chapter/Zhen/Chapter3.tex
第四章
(./Chapter/Zhen/Chapter3_1.tex

LaTeX Warning: `!h' float specifier changed to `!ht'.

) (./Chapter/Zhen/Chapter3_2.tex [55

]
Underfull \vbox (badness 1412) has occurred while \output is active []

 [56]
File: figures/Chapter4/nSigmaEwTOF.png Graphic file (type bmp)
<figures/Chapter4/nSigmaEwTOF.png>
File: figures/Chapter4/beta_Cut.png Graphic file (type bmp)
<figures/Chapter4/beta_Cut.png>

[57]

LaTeX Warning: No positions in optional float specifier.
               Default added (so using `tbp') on input line 71.

File: figures/Chapter4/PurePion.png Graphic file (type bmp)
<figures/Chapter4/PurePion.png>
File: figures/Chapter4/PureKaon.png Graphic file (type bmp)
<figures/Chapter4/PureKaon.png>
File: figures/Chapter4/PureProton.png Graphic file (type bmp)
<figures/Chapter4/PureProton.png>
File: figures/Chapter4/PureMergePion.png Graphic file (type bmp)
<figures/Chapter4/PureMergePion.png>
File: figures/Chapter4/PureElectron_cut.png Graphic file (type bmp)
<figures/Chapter4/PureElectron_cut.png>
File: figures/Chapter4/PureElectron_Sample.png Graphic file (type bmp)
<figures/Chapter4/PureElectron_Sample.png>

LaTeX Warning: `!h' float specifier changed to `!ht'.

[58]
File: figures/Chapter4/Mean_pureSample.png Graphic file (type bmp)
<figures/Chapter4/Mean_pureSample.png>
File: figures/Chapter4/Sigma_PureSample.png Graphic file (type bmp)
<figures/Chapter4/Sigma_PureSample.png>
File: figures/Chapter4/MultGaus_good.png Graphic file (type bmp)
<figures/Chapter4/MultGaus_good.png>
File: figures/Chapter4/MultGaus_CorssOver_Region.png Graphic file (type bmp)
<figures/Chapter4/MultGaus_CorssOver_Region.png>


LaTeX Warning: `!h' float specifier changed to `!ht'.

File: figures/Chapter4/Fit_Interpolate_ConstValue_FirstRound.pdf Graphic file (
type pdf)
<use figures/Chapter4/Fit_Interpolate_ConstValue_FirstRound.pdf>
File: figures/Chapter4/Fit_Interpolate_ConstValue.pdf Graphic file (type pdf)
<use figures/Chapter4/Fit_Interpolate_ConstValue.pdf>
[59]
File: figures/Chapter4/Econst_crosscheck.pdf Graphic file (type pdf)
<use figures/Chapter4/Econst_crosscheck.pdf>
File: figures/Chapter4/nSigEcut4TpcE_Pur.pdf Graphic file (type pdf)
<use figures/Chapter4/nSigEcut4TpcE_Pur.pdf>
) (./Chapter/Zhen/Chapter3_3.tex [60] [61]
File: figures/Chapter4/Phi_vs_Q.png Graphic file (type bmp)
<figures/Chapter4/Phi_vs_Q.png>


LaTeX Warning: Citation 'Die:BESI_note' on page 62 undefined on input line 30.

Missing character: There is no ^^I in font [lmroman12-regular]:mapping=tex-text
;!
[62]
Overfull \hbox (29.12227pt too wide) in paragraph at lines 64--67
[]\TU/FandolSong-Regular(0)/m/n/12 图[][]\TU/lmr/m/n/12 4.3.9[][]\TU/FandolSong-
Regular(0)/m/n/12 为 本 分 析 中 转 换 光 子 的 $\OML/cmm/m/it/12 ^^^[][]$ \TU/FandolSong
-Regular(0)/m/n/12 的 分 布，|  可 以 看 到 转 换 光 子 集 中 在 $[]$
 []

[63]

LaTeX Warning: Citation 'Die:Chi_Thesis' on page 64 undefined on input line 68.


File: figures/Chapter4/PhiV_2D.png Graphic file (type bmp)
<figures/Chapter4/PhiV_2D.png>
[64]) (./Chapter/Zhen/Chapter3_4.tex
Overfull \hbox (3.42284pt too wide) in paragraph at lines 17--18
[]\TU/FandolSong-Regular(0)/m/n/12 在 \TU/lmr/m/n/12 STAR \TU/FandolSong-Regular
(0)/m/n/12 实 验 中，|  这 种 模 拟 的 方 式 被 称 作 \TU/lmr/m/n/12 embedding\TU/FandolSong-
Regular(0)/m/n/12 。|  将 蒙 特 卡 洛 \TU/lmr/m/n/12 (Monte Carlo,MC)
 []

[65]
Overfull \hbox (4.44258pt too wide) detected at line 21
[][]\OML/cmm/m/it/12 ^^O[] \OT1/cmr/m/n/12 = []
 []

File: figures/Chapter4/TPCTracking.png Graphic file (type bmp)
<figures/Chapter4/TPCTracking.png>
[66]
File: figures/Chapter4/Eff_Centrality080.png Graphic file (type bmp)
<figures/Chapter4/Eff_Centrality080.png>
File: figures/Chapter4/Ratio_Centrality080.png Graphic file (type bmp)
<figures/Chapter4/Ratio_Centrality080.png>
File: figures/Chapter4/beta_cut_eff_080.png Graphic file (type bmp)
<figures/Chapter4/beta_cut_eff_080.png>
File: figures/Chapter4/nSigmaE_cut_eff.png Graphic file (type bmp)
<figures/Chapter4/nSigmaE_cut_eff.png>
 (./Chapter/Zhen/Chapter3_4_4.tex [67]
File: figures/Chapter4/Compare_PairEff.png Graphic file (type bmp)
<figures/Chapter4/Compare_PairEff.png>
 [68]
File: figures/Chapter4/Accep_VP.png Graphic file (type bmp)
<figures/Chapter4/Accep_VP.png>
File: figures/Chapter4/Accep_CKT.png Graphic file (type bmp)
<figures/Chapter4/Accep_CKT.png>
))
(./Chapter/Zhen/Chapter3_5.tex [69] (./Chapter/Zhen/Chapter3_5_1.tex [70]

LaTeX Font Warning: Command \LARGE invalid in math mode on input line 57.


LaTeX Font Warning: Command \Large invalid in math mode on input line 57.


LaTeX Font Warning: Command \Large invalid in math mode on input line 57.


LaTeX Font Warning: Command \LARGE invalid in math mode on input line 57.


LaTeX Font Warning: Command \Large invalid in math mode on input line 61.


LaTeX Font Warning: Command \Large invalid in math mode on input line 61.

[71]

LaTeX Font Warning: Command \Large invalid in math mode on input line 67.


LaTeX Font Warning: Command \Large invalid in math mode on input line 67.


LaTeX Font Warning: Command \Large invalid in math mode on input line 102.


LaTeX Font Warning: Command \Large invalid in math mode on input line 102.


LaTeX Font Warning: Command \LARGE invalid in math mode on input line 107.


LaTeX Font Warning: Command \Large invalid in math mode on input line 107.


LaTeX Warning: `!h' float specifier changed to `!ht'.

File: figures/Chapter4/080_Plus_Yield.png Graphic file (type bmp)
<figures/Chapter4/080_Plus_Yield.png>
File: figures/Chapter4/080_Minus_Yield.png Graphic file (type bmp)
<figures/Chapter4/080_Minus_Yield.png>
[72] [73]
File: figures/Chapter4/float_meson.png Graphic file (type bmp)
<figures/Chapter4/float_meson.png>
) (./Chapter/Zhen/Chapter3_5_2.tex

LaTeX Warning: Citation 'PhysRevD.86.072013' on page 74 undefined on input line
 3.

[74]
File: figures/Chapter4/CharmXsession.png Graphic file (type bmp)
<figures/Chapter4/CharmXsession.png>
Missing character: There is no ^^V in font [lmroman12-regular]:mapping=tex-text
;!
Missing character: There is no ^^V in font [lmroman12-regular]:mapping=tex-text
;!
 [75]) (./Chapter/Zhen/Chapter3_5_4.tex
Underfull \vbox (badness 10000) has occurred while \output is active []

 [76])
(./Chapter/Zhen/Chapter3_5_3.tex
File: figures/Chapter4/pT_res_embd.png Graphic file (type bmp)
<figures/Chapter4/pT_res_embd.png>
File: figures/Chapter4/Chi2_TuneA.png Graphic file (type bmp)
<figures/Chapter4/Chi2_TuneA.png>
)) (./Chapter/Zhen/Chapter3_6.tex [77]

LaTeX Warning: Reference `' on page 78 undefined on input line 13.

[78]

LaTeX Warning: Reference `' on page 79 undefined on input line 15.

)) [79] [80

] (./Chapter/Zhen/Chapter5.tex
第五章
File: figures/Chapter4/Hm_fullCorr_vsCKTs_54GeV_icent0.pdf Graphic file (type p
df)
<use figures/Chapter4/Hm_fullCorr_vsCKTs_54GeV_icent0.pdf>
File: figures/Chapter4/Excess_fit.pdf Graphic file (type pdf)
<use figures/Chapter4/Excess_fit.pdf>

LaTeX Warning: Reference `' on page 81 undefined on input line 31.


LaTeX Warning: Reference `' on page 81 undefined on input line 31.


LaTeX Warning: Reference `' on page 81 undefined on input line 31.


LaTeX Warning: Reference `' on page 81 undefined on input line 31.


LaTeX Warning: `!h' float specifier changed to `!ht'.

(./Chapter/Zhen/Chapter5_1.tex

LaTeX Warning: Reference `eq:final_fit' on page 81 undefined on input line 3.

[81

]
Underfull \vbox (badness 2970) has occurred while \output is active []

 [82]
File: figures/Chapter4/Hm_ExY_LMR_54GeV_27GeV_NA60_RhoAndQGPfit_icent0.pdf Grap
hic file (type pdf)
<use figures/Chapter4/Hm_ExY_LMR_54GeV_27GeV_NA60_RhoAndQGPfit_icent0.pdf>
)
(./Chapter/Zhen/Chapter5_2.tex
File: figures/Chapter4/Hm_ExY_FMR_54GeV_27GeV_NA60_QGPfit_icent0.pdf Graphic fi
le (type pdf)
<use figures/Chapter4/Hm_ExY_FMR_54GeV_27GeV_NA60_QGPfit_icent0.pdf>
) (./Chapter/Zhen/Chapter5_3.tex [83]
File: figures/Chapter4/T_vs_Npart_Run17_54GeV.pdf Graphic file (type pdf)
<use figures/Chapter4/T_vs_Npart_Run17_54GeV.pdf>


LaTeX Warning: Reference `fig:T_vs_uB_comparedNA60_HADES_phaseTransition_logx_4
QM2022' on page 84 undefined on input line 13.

File: figures/Chapter4/T_vs_uB_comparedNA60_HADES_phaseTransition_logx_4QM2022.
pdf Graphic file (type pdf)
<use figures/Chapter4/T_vs_uB_comparedNA60_HADES_phaseTransition_logx_4QM2022.p
df>
)) [84] [85
\@writefile{lof}{\defcounter {refsection}{0}\relax }\@writefile{lof}{\contentsl
ine {figure}{\numberline {5.1.6}{\ignorespaces 双轻子额外产额谱中抽取得到的温度随重子化学势变化示意图}}{85
}{figure.5.6}\protected@file@percent }
\newlabel{fig:T_vs_uB_comparedNA60_HADES_phaseTransition_logx_4QM2022}{{5.1.6}{
85}{双轻子额外产额谱中抽取得到的温度随重子化学势变化示意图}{figure.5.6}{}}
] [86

]

LaTeX Warning: Empty bibliography on input line 314.

Package atveryend Info: Empty hook `BeforeClearDocument' on input line 349.
Package atveryend Info: Empty hook `AfterLastShipout' on input line 349.
(./MyPhDThesis.aux (./Chapter/Zhen/Abstract_Cc.aux)
(./Chapter/Zhen/Abstract_Ec.aux))
Package atveryend Info: Empty hook `AtVeryEndDocument' on input line 349.
Package atveryend Info: Executing hook `AtEndAfterFileList' on input line 349.
Package rerunfilecheck Info: File `MyPhDThesis.out' has not changed.
(rerunfilecheck)             Checksum: D382FEE1623EAF7DBE1FD204AFAC07DF;6220.


LaTeX Warning: There were undefined references.


LaTeX Warning: There were multiply-defined labels.


Package biblatex Warning: Please (re)run Biber on the file:
(biblatex)                MyPhDThesis
(biblatex)                and rerun LaTeX afterwards.

Package logreq Info: Writing requests to 'MyPhDThesis.run.xml'.
\openout1 = `MyPhDThesis.run.xml'.

Package atveryend Info: Empty hook `AtVeryVeryEnd' on input line 349.
 )
(\end occurred inside a group at level 1)

### simple group (level 1) entered at line 16 ({)
### bottom level 
Here is how much of TeX's memory you used:
 29786 strings out of 479418
 610598 string characters out of 5884586
 1308153 words of memory out of 5000000
 46620 multiletter control sequences out of 15000+600000
 539354 words of font info for 94 fonts, out of 8000000 for 9000
 1348 hyphenation exceptions out of 8191
 58i,21n,83p,1156b,1557s stack positions out of 5000i,500n,10000p,200000b,80000s

Output written on MyPhDThesis.pdf (101 pages).
