This is XeTeX, Version 3.14159265-2.6-0.999991 (TeX Live 2019) (preloaded format=xelatex 2019.5.8)  25 MAR 2021 19:09
entering extended mode
 restricted \write18 enabled.
 %&-line parsing enabled.
**Chapter6.tex
(./Chapter6.tex
LaTeX2e <2018-12-01>

! LaTeX Error: No counter 'section' defined.

See the LaTeX manual or LaTeX Companion for explanation.
Type  H <return>  for immediate help.
 ...                                              
                                                  
l.3 \setcounter{section}{0}
                           
Your command was ignored.
Type  I <command> <return>  to replace it with another command,
or  <return>  to continue without it.


! LaTeX Error: No counter 'figure' defined.

See the LaTeX manual or LaTeX Companion for explanation.
Type  H <return>  for immediate help.
 ...                                              
                                                  
l.6 \setcounter{figure}{0}
                          
Your command was ignored.
Type  I <command> <return>  to replace it with another command,
or  <return>  to continue without it.


! LaTeX Error: No counter 'table' defined.

See the LaTeX manual or LaTeX Companion for explanation.
Type  H <return>  for immediate help.
 ...                                              
                                                  
l.7 \setcounter{table}{0}
                         
Your command was ignored.
Type  I <command> <return>  to replace it with another command,
or  <return>  to continue without it.

! Undefined control sequence.
l.10 \chapter
             {总结与展望}
The control sequence at the end of the top line
of your error message was never \def'ed. If you have
misspelled it (e.g., `\hobx'), type `I' and the correct
spelling (e.g., `I\hbox'). Otherwise just continue,
and I'll forget about whatever was undefined.


! LaTeX Error: Missing \begin{document}.

See the LaTeX manual or LaTeX Companion for explanation.
Type  H <return>  for immediate help.
 ...                                              
                                                  
l.10 \chapter{总
               结与展望}
You're in trouble here.  Try typing  <return>  to proceed.
If that doesn't work, type  X <return>  to quit.

Missing character: There is no 总 in font nullfont!
Missing character: There is no 结 in font nullfont!
Missing character: There is no 与 in font nullfont!
Missing character: There is no 展 in font nullfont!
Missing character: There is no 望 in font nullfont!

Overfull \hbox (20.0pt too wide) in paragraph at lines 10--14
[] 
 []


! LaTeX Error: Missing \begin{document}.

See the LaTeX manual or LaTeX Companion for explanation.
Type  H <return>  for immediate help.
 ...                                              
                                                  
l.16 这
      篇论文总共可以分为三个部分。第一部分是关于SBF(Signed Balance Function)方法的模型检验。第二部分对STAR实验组采...

You're in trouble here.  Try typing  <return>  to proceed.
If that doesn't work, type  X <return>  to quit.

Missing character: There is no 这 in font nullfont!
Missing character: There is no 篇 in font nullfont!
Missing character: There is no 论 in font nullfont!
Missing character: There is no 文 in font nullfont!
Missing character: There is no 总 in font nullfont!
Missing character: There is no 共 in font nullfont!
Missing character: There is no 可 in font nullfont!
Missing character: There is no 以 in font nullfont!
Missing character: There is no 分 in font nullfont!
Missing character: There is no 为 in font nullfont!
Missing character: There is no 三 in font nullfont!
Missing character: There is no 个 in font nullfont!
Missing character: There is no 部 in font nullfont!
Missing character: There is no 分 in font nullfont!
Missing character: There is no 。 in font nullfont!
Missing character: There is no 第 in font nullfont!
Missing character: There is no 一 in font nullfont!
Missing character: There is no 部 in font nullfont!
Missing character: There is no 分 in font nullfont!
Missing character: There is no 是 in font nullfont!
Missing character: There is no 关 in font nullfont!
Missing character: There is no 于 in font nullfont!
Missing character: There is no S in font nullfont!
Missing character: There is no B in font nullfont!
Missing character: There is no F in font nullfont!
Missing character: There is no ( in font nullfont!
Missing character: There is no S in font nullfont!
Missing character: There is no i in font nullfont!
Missing character: There is no g in font nullfont!
Missing character: There is no n in font nullfont!
Missing character: There is no e in font nullfont!
Missing character: There is no d in font nullfont!
Missing character: There is no B in font nullfont!
Missing character: There is no a in font nullfont!
Missing character: There is no l in font nullfont!
Missing character: There is no a in font nullfont!
Missing character: There is no n in font nullfont!
Missing character: There is no c in font nullfont!
Missing character: There is no e in font nullfont!
Missing character: There is no F in font nullfont!
Missing character: There is no u in font nullfont!
Missing character: There is no n in font nullfont!
Missing character: There is no c in font nullfont!
Missing character: There is no t in font nullfont!
Missing character: There is no i in font nullfont!
Missing character: There is no o in font nullfont!
Missing character: There is no n in font nullfont!
Missing character: There is no ) in font nullfont!
Missing character: There is no 方 in font nullfont!
Missing character: There is no 法 in font nullfont!
Missing character: There is no 的 in font nullfont!
Missing character: There is no 模 in font nullfont!
Missing character: There is no 型 in font nullfont!
Missing character: There is no 检 in font nullfont!
Missing character: There is no 验 in font nullfont!
Missing character: There is no 。 in font nullfont!
Missing character: There is no 第 in font nullfont!
Missing character: There is no 二 in font nullfont!
Missing character: There is no 部 in font nullfont!
Missing character: There is no 分 in font nullfont!
Missing character: There is no 对 in font nullfont!
Missing character: There is no S in font nullfont!
Missing character: There is no T in font nullfont!
Missing character: There is no A in font nullfont!
Missing character: There is no R in font nullfont!
Missing character: There is no 实 in font nullfont!
Missing character: There is no 验 in font nullfont!
Missing character: There is no 组 in font nullfont!
Missing character: There is no 采 in font nullfont!
Missing character: There is no 集 in font nullfont!
Missing character: There is no 的 in font nullfont!
Missing character: There is no A in font nullfont!
Missing character: There is no u in font nullfont!
Missing character: There is no + in font nullfont!
Missing character: There is no A in font nullfont!
Missing character: There is no u in font nullfont!
Missing character: There is no 2 in font nullfont!
Missing character: There is no 0 in font nullfont!
Missing character: There is no 0 in font nullfont!
Missing character: There is no G in font nullfont!
Missing character: There is no e in font nullfont!
Missing character: There is no V in font nullfont!
Missing character: There is no 数 in font nullfont!
Missing character: There is no 据 in font nullfont!
Missing character: There is no 进 in font nullfont!
Missing character: There is no 行 in font nullfont!
Missing character: There is no 分 in font nullfont!
Missing character: There is no 析 in font nullfont!
Missing character: There is no 。 in font nullfont!
Missing character: There is no 第 in font nullfont!
Missing character: There is no 二 in font nullfont!
Missing character: There is no 部 in font nullfont!
Missing character: There is no 分 in font nullfont!
Missing character: There is no 是 in font nullfont!
Missing character: There is no 对 in font nullfont!
Missing character: There is no 现 in font nullfont!
Missing character: There is no 在 in font nullfont!
Missing character: There is no 实 in font nullfont!
Missing character: There is no 验 in font nullfont!
Missing character: There is no 室 in font nullfont!
Missing character: There is no 用 in font nullfont!
Missing character: There is no 于 in font nullfont!
Missing character: There is no 寻 in font nullfont!
Missing character: There is no 找 in font nullfont!
Missing character: There is no 手 in font nullfont!
Missing character: There is no 征 in font nullfont!
Missing character: There is no 磁 in font nullfont!
Missing character: There is no 效 in font nullfont!
Missing character: There is no 应 in font nullfont!
Missing character: There is no 的 in font nullfont!
Missing character: There is no 三 in font nullfont!
Missing character: There is no 种 in font nullfont!
Missing character: There is no 方 in font nullfont!
Missing character: There is no 法 in font nullfont!
Missing character: There is no 之 in font nullfont!
Missing character: There is no 间 in font nullfont!
Missing character: There is no 的 in font nullfont!
Missing character: There is no 区 in font nullfont!
Missing character: There is no 别 in font nullfont!
Missing character: There is no 与 in font nullfont!
Missing character: There is no 联 in font nullfont!
Missing character: There is no 系 in font nullfont!
Missing character: There is no 进 in font nullfont!
Missing character: There is no 行 in font nullfont!
Missing character: There is no 分 in font nullfont!
Missing character: There is no 析 in font nullfont!
Missing character: There is no 。 in font nullfont!

Overfull \hbox (20.0pt too wide) in paragraph at lines 16--17
[]
 []


! LaTeX Error: Missing \begin{document}.

See the LaTeX manual or LaTeX Companion for explanation.
Type  H <return>  for immediate help.
 ...                                              
                                                  
l.18 第
      一部分，首先利用Toy模型中不同情况进行研究分析，对SBF方法这个全新的方法的有效性进行检验；然后把该方法推广到更加接近现实的模型（AMPT...

You're in trouble here.  Try typing  <return>  to proceed.
If that doesn't work, type  X <return>  to quit.

Missing character: There is no 第 in font nullfont!
Missing character: There is no 一 in font nullfont!
Missing character: There is no 部 in font nullfont!
Missing character: There is no 分 in font nullfont!
Missing character: There is no ， in font nullfont!
Missing character: There is no 首 in font nullfont!
Missing character: There is no 先 in font nullfont!
Missing character: There is no 利 in font nullfont!
Missing character: There is no 用 in font nullfont!
Missing character: There is no T in font nullfont!
Missing character: There is no o in font nullfont!
Missing character: There is no y in font nullfont!
Missing character: There is no 模 in font nullfont!
Missing character: There is no 型 in font nullfont!
Missing character: There is no 中 in font nullfont!
Missing character: There is no 不 in font nullfont!
Missing character: There is no 同 in font nullfont!
Missing character: There is no 情 in font nullfont!
Missing character: There is no 况 in font nullfont!
Missing character: There is no 进 in font nullfont!
Missing character: There is no 行 in font nullfont!
Missing character: There is no 研 in font nullfont!
Missing character: There is no 究 in font nullfont!
Missing character: There is no 分 in font nullfont!
Missing character: There is no 析 in font nullfont!
Missing character: There is no ， in font nullfont!
Missing character: There is no 对 in font nullfont!
Missing character: There is no S in font nullfont!
Missing character: There is no B in font nullfont!
Missing character: There is no F in font nullfont!
Missing character: There is no 方 in font nullfont!
Missing character: There is no 法 in font nullfont!
Missing character: There is no 这 in font nullfont!
Missing character: There is no 个 in font nullfont!
Missing character: There is no 全 in font nullfont!
Missing character: There is no 新 in font nullfont!
Missing character: There is no 的 in font nullfont!
Missing character: There is no 方 in font nullfont!
Missing character: There is no 法 in font nullfont!
Missing character: There is no 的 in font nullfont!
Missing character: There is no 有 in font nullfont!
Missing character: There is no 效 in font nullfont!
Missing character: There is no 性 in font nullfont!
Missing character: There is no 进 in font nullfont!
Missing character: There is no 行 in font nullfont!
Missing character: There is no 检 in font nullfont!
Missing character: There is no 验 in font nullfont!
Missing character: There is no ； in font nullfont!
Missing character: There is no 然 in font nullfont!
Missing character: There is no 后 in font nullfont!
Missing character: There is no 把 in font nullfont!
Missing character: There is no 该 in font nullfont!
Missing character: There is no 方 in font nullfont!
Missing character: There is no 法 in font nullfont!
Missing character: There is no 推 in font nullfont!
Missing character: There is no 广 in font nullfont!
Missing character: There is no 到 in font nullfont!
Missing character: There is no 更 in font nullfont!
Missing character: There is no 加 in font nullfont!
Missing character: There is no 接 in font nullfont!
Missing character: There is no 近 in font nullfont!
Missing character: There is no 现 in font nullfont!
Missing character: There is no 实 in font nullfont!
Missing character: There is no 的 in font nullfont!
Missing character: There is no 模 in font nullfont!
Missing character: There is no 型 in font nullfont!
Missing character: There is no （ in font nullfont!
Missing character: There is no A in font nullfont!
Missing character: There is no M in font nullfont!
Missing character: There is no P in font nullfont!
Missing character: There is no T in font nullfont!
Missing character: There is no 和 in font nullfont!
Missing character: There is no E in font nullfont!
Missing character: There is no B in font nullfont!
Missing character: There is no E in font nullfont!
Missing character: There is no - in font nullfont!
Missing character: There is no A in font nullfont!
Missing character: There is no V in font nullfont!
Missing character: There is no F in font nullfont!
Missing character: There is no D in font nullfont!
Missing character: There is no 模 in font nullfont!
Missing character: There is no 型 in font nullfont!
Missing character: There is no ） in font nullfont!
Missing character: There is no 。 in font nullfont!
Missing character: There is no T in font nullfont!
Missing character: There is no o in font nullfont!
Missing character: There is no y in font nullfont!
Missing character: There is no 模 in font nullfont!
Missing character: There is no 型 in font nullfont!
Missing character: There is no 的 in font nullfont!
Missing character: There is no 检 in font nullfont!
Missing character: There is no 验 in font nullfont!
Missing character: There is no 结 in font nullfont!
Missing character: There is no 果 in font nullfont!
Missing character: There is no 表 in font nullfont!
Missing character: There is no 明 in font nullfont!
! Undefined control sequence.
l.19 Toy模型的检验结果表明\rrest
                        和\rb 都会随着CME信号的增大而增大，且它们的值都大于1；在包含背景的情况下，\rrest 会随着背...
The control sequence at the end of the top line
of your error message was never \def'ed. If you have
misspelled it (e.g., `\hobx'), type `I' and the correct
spelling (e.g., `I\hbox'). Otherwise just continue,
and I'll forget about whatever was undefined.

Missing character: There is no 和 in font nullfont!
! Undefined control sequence.
l.19 Toy模型的检验结果表明\rrest 和\rb
                             都会随着CME信号的增大而增大，且它们的值都大于1；在包含背景的情况下，\rrest 会随着背...
The control sequence at the end of the top line
of your error message was never \def'ed. If you have
misspelled it (e.g., `\hobx'), type `I' and the correct
spelling (e.g., `I\hbox'). Otherwise just continue,
and I'll forget about whatever was undefined.

Missing character: There is no 都 in font nullfont!
Missing character: There is no 会 in font nullfont!
Missing character: There is no 随 in font nullfont!
Missing character: There is no 着 in font nullfont!
Missing character: There is no C in font nullfont!
Missing character: There is no M in font nullfont!
Missing character: There is no E in font nullfont!
Missing character: There is no 信 in font nullfont!
Missing character: There is no 号 in font nullfont!
Missing character: There is no 的 in font nullfont!
Missing character: There is no 增 in font nullfont!
Missing character: There is no 大 in font nullfont!
Missing character: There is no 而 in font nullfont!
Missing character: There is no 增 in font nullfont!
Missing character: There is no 大 in font nullfont!
Missing character: There is no ， in font nullfont!
Missing character: There is no 且 in font nullfont!
Missing character: There is no 它 in font nullfont!
Missing character: There is no 们 in font nullfont!
Missing character: There is no 的 in font nullfont!
Missing character: There is no 值 in font nullfont!
Missing character: There is no 都 in font nullfont!
Missing character: There is no 大 in font nullfont!
Missing character: There is no 于 in font nullfont!
Missing character: There is no 1 in font nullfont!
Missing character: There is no ； in font nullfont!
Missing character: There is no 在 in font nullfont!
Missing character: There is no 包 in font nullfont!
Missing character: There is no 含 in font nullfont!
Missing character: There is no 背 in font nullfont!
Missing character: There is no 景 in font nullfont!
Missing character: There is no 的 in font nullfont!
Missing character: There is no 情 in font nullfont!
Missing character: There is no 况 in font nullfont!
Missing character: There is no 下 in font nullfont!
Missing character: There is no ， in font nullfont!
! Undefined control sequence.
l.19 ...都会随着CME信号的增大而增大，且它们的值都大于1；在包含背景的情况下，\rrest
                                                   会随着背景的增大而增大，而此时\rb 却会随着背景...
The control sequence at the end of the top line
of your error message was never \def'ed. If you have
misspelled it (e.g., `\hobx'), type `I' and the correct
spelling (e.g., `I\hbox'). Otherwise just continue,
and I'll forget about whatever was undefined.

Missing character: There is no 会 in font nullfont!
Missing character: There is no 随 in font nullfont!
Missing character: There is no 着 in font nullfont!
Missing character: There is no 背 in font nullfont!
Missing character: There is no 景 in font nullfont!
Missing character: There is no 的 in font nullfont!
Missing character: There is no 增 in font nullfont!
Missing character: There is no 大 in font nullfont!
Missing character: There is no 而 in font nullfont!
Missing character: There is no 增 in font nullfont!
Missing character: There is no 大 in font nullfont!
Missing character: There is no ， in font nullfont!
Missing character: There is no 而 in font nullfont!
Missing character: There is no 此 in font nullfont!
Missing character: There is no 时 in font nullfont!
! Undefined control sequence.
l.19 ...的值都大于1；在包含背景的情况下，\rrest 会随着背景的增大而增大，而此时\rb
                                                   却会随着背景的增大而减小。这一结果表明通过比较该方...
The control sequence at the end of the top line
of your error message was never \def'ed. If you have
misspelled it (e.g., `\hobx'), type `I' and the correct
spelling (e.g., `I\hbox'). Otherwise just continue,
and I'll forget about whatever was undefined.

Missing character: There is no 却 in font nullfont!
Missing character: There is no 会 in font nullfont!
Missing character: There is no 随 in font nullfont!
Missing character: There is no 着 in font nullfont!
Missing character: There is no 背 in font nullfont!
Missing character: There is no 景 in font nullfont!
Missing character: There is no 的 in font nullfont!
Missing character: There is no 增 in font nullfont!
Missing character: There is no 大 in font nullfont!
Missing character: There is no 而 in font nullfont!
Missing character: There is no 减 in font nullfont!
Missing character: There is no 小 in font nullfont!
Missing character: There is no 。 in font nullfont!
Missing character: There is no 这 in font nullfont!
Missing character: There is no 一 in font nullfont!
Missing character: There is no 结 in font nullfont!
Missing character: There is no 果 in font nullfont!
Missing character: There is no 表 in font nullfont!
Missing character: There is no 明 in font nullfont!
Missing character: There is no 通 in font nullfont!
Missing character: There is no 过 in font nullfont!
Missing character: There is no 比 in font nullfont!
Missing character: There is no 较 in font nullfont!
Missing character: There is no 该 in font nullfont!
Missing character: There is no 方 in font nullfont!
Missing character: There is no 法 in font nullfont!
Missing character: There is no 的 in font nullfont!
Missing character: There is no 两 in font nullfont!
Missing character: There is no 个 in font nullfont!
Missing character: There is no 观 in font nullfont!
Missing character: There is no 测 in font nullfont!
Missing character: There is no 量 in font nullfont!
Missing character: There is no 能 in font nullfont!
Missing character: There is no 够 in font nullfont!
Missing character: There is no 很 in font nullfont!
Missing character: There is no 好 in font nullfont!
Missing character: There is no 的 in font nullfont!
Missing character: There is no 鉴 in font nullfont!
Missing character: There is no 别 in font nullfont!
Missing character: There is no C in font nullfont!
Missing character: There is no M in font nullfont!
Missing character: There is no E in font nullfont!
Missing character: There is no 信 in font nullfont!
Missing character: There is no 号 in font nullfont!
Missing character: There is no 与 in font nullfont!
Missing character: There is no 背 in font nullfont!
Missing character: There is no 景 in font nullfont!
Missing character: There is no ， in font nullfont!
Missing character: There is no 即 in font nullfont!
Missing character: There is no 如 in font nullfont!
Missing character: There is no 果 in font nullfont!
Missing character: There is no 这 in font nullfont!
Missing character: There is no 两 in font nullfont!
Missing character: There is no 个 in font nullfont!
Missing character: There is no 观 in font nullfont!
Missing character: There is no 测 in font nullfont!
Missing character: There is no 量 in font nullfont!
Missing character: There is no 都 in font nullfont!
Missing character: There is no 大 in font nullfont!
Missing character: There is no 于 in font nullfont!
Missing character: There is no 1 in font nullfont!
Missing character: There is no ， in font nullfont!
Missing character: There is no 那 in font nullfont!
Missing character: There is no 么 in font nullfont!
Missing character: There is no 就 in font nullfont!
Missing character: There is no 很 in font nullfont!
Missing character: There is no 有 in font nullfont!
Missing character: There is no 可 in font nullfont!
Missing character: There is no 能 in font nullfont!
Missing character: There is no 纯 in font nullfont!
Missing character: There is no 在 in font nullfont!
Missing character: There is no C in font nullfont!
Missing character: There is no M in font nullfont!
Missing character: There is no E in font nullfont!
Missing character: There is no 。 in font nullfont!
! Undefined control sequence.
l.19 ...CME信号与背景，即如果这两个观测量都大于1，那么就很有可能纯在CME。\rrest
                                                   和\rb 在AMPT的数据分析结果显示他们都在1附...
The control sequence at the end of the top line
of your error message was never \def'ed. If you have
misspelled it (e.g., `\hobx'), type `I' and the correct
spelling (e.g., `I\hbox'). Otherwise just continue,
and I'll forget about whatever was undefined.

Missing character: There is no 和 in font nullfont!
! Undefined control sequence.
l.19 ...与背景，即如果这两个观测量都大于1，那么就很有可能纯在CME。\rrest 和\rb
                                                   在AMPT的数据分析结果显示他们都在1附近，即没有...
The control sequence at the end of the top line
of your error message was never \def'ed. If you have
misspelled it (e.g., `\hobx'), type `I' and the correct
spelling (e.g., `I\hbox'). Otherwise just continue,
and I'll forget about whatever was undefined.

Missing character: There is no 在 in font nullfont!
Missing character: There is no A in font nullfont!
Missing character: There is no M in font nullfont!
Missing character: There is no P in font nullfont!
Missing character: There is no T in font nullfont!
Missing character: There is no 的 in font nullfont!
Missing character: There is no 数 in font nullfont!
Missing character: There is no 据 in font nullfont!
Missing character: There is no 分 in font nullfont!
Missing character: There is no 析 in font nullfont!
Missing character: There is no 结 in font nullfont!
Missing character: There is no 果 in font nullfont!
Missing character: There is no 显 in font nullfont!
Missing character: There is no 示 in font nullfont!
Missing character: There is no 他 in font nullfont!
Missing character: There is no 们 in font nullfont!
Missing character: There is no 都 in font nullfont!
Missing character: There is no 在 in font nullfont!
Missing character: There is no 1 in font nullfont!
Missing character: There is no 附 in font nullfont!
Missing character: There is no 近 in font nullfont!
Missing character: There is no ， in font nullfont!
Missing character: There is no 即 in font nullfont!
Missing character: There is no 没 in font nullfont!
Missing character: There is no 有 in font nullfont!
Missing character: There is no C in font nullfont!
Missing character: There is no M in font nullfont!
Missing character: There is no E in font nullfont!
Missing character: There is no 信 in font nullfont!
Missing character: There is no 号 in font nullfont!
Missing character: There is no 被 in font nullfont!
Missing character: There is no 观 in font nullfont!
Missing character: There is no 测 in font nullfont!
Missing character: There is no 到 in font nullfont!
Missing character: There is no ， in font nullfont!
Missing character: There is no 该 in font nullfont!
Missing character: There is no 结 in font nullfont!
Missing character: There is no 果 in font nullfont!
Missing character: There is no 与 in font nullfont!
Missing character: There is no 预 in font nullfont!
Missing character: There is no 测 in font nullfont!
Missing character: There is no 相 in font nullfont!
Missing character: There is no 符 in font nullfont!
Missing character: There is no （ in font nullfont!
Missing character: There is no 因 in font nullfont!
Missing character: There is no 为 in font nullfont!
Missing character: There is no A in font nullfont!
Missing character: There is no M in font nullfont!
Missing character: There is no P in font nullfont!
Missing character: There is no T in font nullfont!
Missing character: There is no 模 in font nullfont!
Missing character: There is no 型 in font nullfont!
Missing character: There is no 中 in font nullfont!
Missing character: There is no 没 in font nullfont!
Missing character: There is no 有 in font nullfont!
Missing character: There is no 加 in font nullfont!
Missing character: There is no 入 in font nullfont!
Missing character: There is no C in font nullfont!
Missing character: There is no M in font nullfont!
Missing character: There is no E in font nullfont!
Missing character: There is no 的 in font nullfont!
Missing character: There is no 信 in font nullfont!
Missing character: There is no 号 in font nullfont!
Missing character: There is no ） in font nullfont!
Missing character: There is no 。 in font nullfont!

Overfull \hbox (20.0pt too wide) in paragraph at lines 18--20
[]
 []


! LaTeX Error: Missing \begin{document}.

See the LaTeX manual or LaTeX Companion for explanation.
Type  H <return>  for immediate help.
 ...                                              
                                                  
l.21 第
      二部分利用SBF方法对STAR 所采集的run16 Au + Au 200 GeV 实验数据进行分析。分析结果显示在所有的中心度中$r_{\...

You're in trouble here.  Try typing  <return>  to proceed.
If that doesn't work, type  X <return>  to quit.

Missing character: There is no 第 in font nullfont!
Missing character: There is no 二 in font nullfont!
Missing character: There is no 部 in font nullfont!
Missing character: There is no 分 in font nullfont!
Missing character: There is no 利 in font nullfont!
Missing character: There is no 用 in font nullfont!
Missing character: There is no S in font nullfont!
Missing character: There is no B in font nullfont!
Missing character: There is no F in font nullfont!
Missing character: There is no 方 in font nullfont!
Missing character: There is no 法 in font nullfont!
Missing character: There is no 对 in font nullfont!
Missing character: There is no S in font nullfont!
Missing character: There is no T in font nullfont!
Missing character: There is no A in font nullfont!
Missing character: There is no R in font nullfont!
Missing character: There is no 所 in font nullfont!
Missing character: There is no 采 in font nullfont!
Missing character: There is no 集 in font nullfont!
Missing character: There is no 的 in font nullfont!
Missing character: There is no r in font nullfont!
Missing character: There is no u in font nullfont!
Missing character: There is no n in font nullfont!
Missing character: There is no 1 in font nullfont!
Missing character: There is no 6 in font nullfont!
Missing character: There is no A in font nullfont!
Missing character: There is no u in font nullfont!
Missing character: There is no + in font nullfont!
Missing character: There is no A in font nullfont!
Missing character: There is no u in font nullfont!
Missing character: There is no 2 in font nullfont!
Missing character: There is no 0 in font nullfont!
Missing character: There is no 0 in font nullfont!
Missing character: There is no G in font nullfont!
Missing character: There is no e in font nullfont!
Missing character: There is no V in font nullfont!
Missing character: There is no 实 in font nullfont!
Missing character: There is no 验 in font nullfont!
Missing character: There is no 数 in font nullfont!
Missing character: There is no 据 in font nullfont!
Missing character: There is no 进 in font nullfont!
Missing character: There is no 行 in font nullfont!
Missing character: There is no 分 in font nullfont!
Missing character: There is no 析 in font nullfont!
Missing character: There is no 。 in font nullfont!
Missing character: There is no 分 in font nullfont!
Missing character: There is no 析 in font nullfont!
Missing character: There is no 结 in font nullfont!
Missing character: There is no 果 in font nullfont!
Missing character: There is no 显 in font nullfont!
Missing character: There is no 示 in font nullfont!
Missing character: There is no 在 in font nullfont!
Missing character: There is no 所 in font nullfont!
Missing character: There is no 有 in font nullfont!
Missing character: There is no 的 in font nullfont!
Missing character: There is no 中 in font nullfont!
Missing character: There is no 心 in font nullfont!
Missing character: There is no 度 in font nullfont!
Missing character: There is no 中 in font nullfont!
LaTeX Font Info:    External font `cmex10' loaded for size
(Font)              <7> on input line 21.
LaTeX Font Info:    External font `cmex10' loaded for size
(Font)              <5> on input line 21.
Missing character: There is no 、 in font nullfont!
Missing character: There is no 和 in font nullfont!
Missing character: There is no 的 in font nullfont!
Missing character: There is no 值 in font nullfont!
Missing character: There is no 都 in font nullfont!
Missing character: There is no 大 in font nullfont!
Missing character: There is no 于 in font nullfont!
Missing character: There is no 1 in font nullfont!
Missing character: There is no ， in font nullfont!
Missing character: There is no 并 in font nullfont!
Missing character: There is no 且 in font nullfont!
Missing character: There is no 在 in font nullfont!
Missing character: There is no 中 in font nullfont!
Missing character: There is no 心 in font nullfont!
Missing character: There is no 度 in font nullfont!
Missing character: There is no 中 in font nullfont!
Missing character: There is no ， in font nullfont!
Missing character: There is no 实 in font nullfont!
Missing character: There is no 验 in font nullfont!
Missing character: There is no 的 in font nullfont!
Missing character: There is no 结 in font nullfont!
Missing character: There is no 果 in font nullfont!
Missing character: There is no 比 in font nullfont!
Missing character: There is no E in font nullfont!
Missing character: There is no B in font nullfont!
Missing character: There is no E in font nullfont!
Missing character: There is no - in font nullfont!
Missing character: There is no A in font nullfont!
Missing character: There is no V in font nullfont!
Missing character: There is no F in font nullfont!
Missing character: There is no D in font nullfont!
Missing character: There is no 中 in font nullfont!
Missing character: There is no 无 in font nullfont!
Missing character: There is no 信 in font nullfont!
Missing character: There is no 号 in font nullfont!
Missing character: There is no 的 in font nullfont!
Missing character: There is no 点 in font nullfont!
Missing character: There is no 要 in font nullfont!
Missing character: There is no 大 in font nullfont!
Missing character: There is no 。 in font nullfont!
Missing character: There is no 需 in font nullfont!
Missing character: There is no 要 in font nullfont!
Missing character: There is no 注 in font nullfont!
Missing character: There is no 意 in font nullfont!
Missing character: There is no 的 in font nullfont!
Missing character: There is no 是 in font nullfont!
Missing character: There is no ， in font nullfont!
Missing character: There is no S in font nullfont!
Missing character: There is no B in font nullfont!
Missing character: There is no F in font nullfont!
Missing character: There is no 方 in font nullfont!
Missing character: There is no 法 in font nullfont!
Missing character: There is no 中 in font nullfont!
Missing character: There is no 在 in font nullfont!
Missing character: There is no 有 in font nullfont!
Missing character: There is no 背 in font nullfont!
Missing character: There is no 景 in font nullfont!
Missing character: There is no 的 in font nullfont!
Missing character: There is no 情 in font nullfont!
Missing character: There is no 况 in font nullfont!
Missing character: There is no 下 in font nullfont!
Missing character: There is no 是 in font nullfont!
Missing character: There is no 会 in font nullfont!
Missing character: There is no 被 in font nullfont!
Missing character: There is no 压 in font nullfont!
Missing character: There is no 低 in font nullfont!
Missing character: There is no 的 in font nullfont!
Missing character: There is no 。 in font nullfont!
! Undefined control sequence.
l.21 ...BF方法中$R_{\mathrm{B}}$在有背景的情况下是会被压低的。\rrest
                                                   和\rb 同时大于1的情况下很难认为这一结果是完全...
The control sequence at the end of the top line
of your error message was never \def'ed. If you have
misspelled it (e.g., `\hobx'), type `I' and the correct
spelling (e.g., `I\hbox'). Otherwise just continue,
and I'll forget about whatever was undefined.

Missing character: There is no 和 in font nullfont!
! Undefined control sequence.
l.21 ...$R_{\mathrm{B}}$在有背景的情况下是会被压低的。\rrest 和\rb
                                                   同时大于1的情况下很难认为这一结果是完全由背景的贡...
The control sequence at the end of the top line
of your error message was never \def'ed. If you have
misspelled it (e.g., `\hobx'), type `I' and the correct
spelling (e.g., `I\hbox'). Otherwise just continue,
and I'll forget about whatever was undefined.

Missing character: There is no 同 in font nullfont!
Missing character: There is no 时 in font nullfont!
Missing character: There is no 大 in font nullfont!
Missing character: There is no 于 in font nullfont!
Missing character: There is no 1 in font nullfont!
Missing character: There is no 的 in font nullfont!
Missing character: There is no 情 in font nullfont!
Missing character: There is no 况 in font nullfont!
Missing character: There is no 下 in font nullfont!
Missing character: There is no 很 in font nullfont!
Missing character: There is no 难 in font nullfont!
Missing character: There is no 认 in font nullfont!
Missing character: There is no 为 in font nullfont!
Missing character: There is no 这 in font nullfont!
Missing character: There is no 一 in font nullfont!
Missing character: There is no 结 in font nullfont!
Missing character: There is no 果 in font nullfont!
Missing character: There is no 是 in font nullfont!
Missing character: There is no 完 in font nullfont!
Missing character: There is no 全 in font nullfont!
Missing character: There is no 由 in font nullfont!
Missing character: There is no 背 in font nullfont!
Missing character: There is no 景 in font nullfont!
Missing character: There is no 的 in font nullfont!
Missing character: There is no 贡 in font nullfont!
Missing character: There is no 献 in font nullfont!
Missing character: There is no 而 in font nullfont!
Missing character: There is no 导 in font nullfont!
Missing character: There is no 致 in font nullfont!
Missing character: There is no 的 in font nullfont!
Missing character: There is no 。 in font nullfont!
Missing character: There is no 当 in font nullfont!
Missing character: There is no 然 in font nullfont!
Missing character: There is no ， in font nullfont!
Missing character: There is no 目 in font nullfont!
Missing character: There is no 前 in font nullfont!
Missing character: There is no 关 in font nullfont!
Missing character: There is no 于 in font nullfont!
Missing character: There is no L in font nullfont!
Missing character: There is no C in font nullfont!
Missing character: There is no C in font nullfont!
Missing character: There is no 对 in font nullfont!
Missing character: There is no 该 in font nullfont!
Missing character: There is no 观 in font nullfont!
Missing character: There is no 测 in font nullfont!
Missing character: There is no 量 in font nullfont!
Missing character: There is no 的 in font nullfont!
Missing character: There is no 影 in font nullfont!
Missing character: There is no 响 in font nullfont!
Missing character: There is no 还 in font nullfont!
Missing character: There is no 没 in font nullfont!
Missing character: There is no 有 in font nullfont!
Missing character: There is no 系 in font nullfont!
Missing character: There is no 统 in font nullfont!
Missing character: There is no 的 in font nullfont!
Missing character: There is no 做 in font nullfont!
Missing character: There is no 完 in font nullfont!
Missing character: There is no ， in font nullfont!
Missing character: There is no 需 in font nullfont!
Missing character: There is no 要 in font nullfont!
Missing character: There is no 进 in font nullfont!
Missing character: There is no 一 in font nullfont!
Missing character: There is no 步 in font nullfont!
Missing character: There is no 对 in font nullfont!
Missing character: There is no 此 in font nullfont!
Missing character: There is no 进 in font nullfont!
Missing character: There is no 行 in font nullfont!
Missing character: There is no 一 in font nullfont!
Missing character: There is no 个 in font nullfont!
Missing character: There is no 系 in font nullfont!
Missing character: There is no 统 in font nullfont!
Missing character: There is no 的 in font nullfont!
Missing character: There is no 研 in font nullfont!
Missing character: There is no 究 in font nullfont!
Missing character: There is no 。 in font nullfont!

Overfull \hbox (20.0pt too wide) in paragraph at lines 21--22
[]
 []


Overfull \hbox (17.98526pt too wide) in paragraph at lines 21--22
\OML/cmm/m/it/10 r[]$
 []


Overfull \hbox (15.6783pt too wide) in paragraph at lines 21--22
\OML/cmm/m/it/10 r[]$
 []


Overfull \hbox (31.46103pt too wide) in paragraph at lines 21--22
\OML/cmm/m/it/10 R[]$$\OT1/cmr/m/n/10 30 \OMS/cmsy/m/n/10 ^^@
 []


Overfull \hbox (32.01659pt too wide) in paragraph at lines 21--22
\OT1/cmr/m/n/10 40%$$\OML/cmm/m/it/10 R[]$ 
 []


! LaTeX Error: Missing \begin{document}.

See the LaTeX manual or LaTeX Companion for explanation.
Type  H <return>  for immediate help.
 ...                                              
                                                  
l.24 第
      三部分我们对三种CME对实验观测方法进行了研究。通过公式推导，发现三种方法的核心组成部分是相互关联的。利用模型（Toy模型和EBE-AVFD...

You're in trouble here.  Try typing  <return>  to proceed.
If that doesn't work, type  X <return>  to quit.

Missing character: There is no 第 in font nullfont!
Missing character: There is no 三 in font nullfont!
Missing character: There is no 部 in font nullfont!
Missing character: There is no 分 in font nullfont!
Missing character: There is no 我 in font nullfont!
Missing character: There is no 们 in font nullfont!
Missing character: There is no 对 in font nullfont!
Missing character: There is no 三 in font nullfont!
Missing character: There is no 种 in font nullfont!
Missing character: There is no C in font nullfont!
Missing character: There is no M in font nullfont!
Missing character: There is no E in font nullfont!
Missing character: There is no 对 in font nullfont!
Missing character: There is no 实 in font nullfont!
Missing character: There is no 验 in font nullfont!
Missing character: There is no 观 in font nullfont!
Missing character: There is no 测 in font nullfont!
Missing character: There is no 方 in font nullfont!
Missing character: There is no 法 in font nullfont!
Missing character: There is no 进 in font nullfont!
Missing character: There is no 行 in font nullfont!
Missing character: There is no 了 in font nullfont!
Missing character: There is no 研 in font nullfont!
Missing character: There is no 究 in font nullfont!
Missing character: There is no 。 in font nullfont!
Missing character: There is no 通 in font nullfont!
Missing character: There is no 过 in font nullfont!
Missing character: There is no 公 in font nullfont!
Missing character: There is no 式 in font nullfont!
Missing character: There is no 推 in font nullfont!
Missing character: There is no 导 in font nullfont!
Missing character: There is no ， in font nullfont!
Missing character: There is no 发 in font nullfont!
Missing character: There is no 现 in font nullfont!
Missing character: There is no 三 in font nullfont!
Missing character: There is no 种 in font nullfont!
Missing character: There is no 方 in font nullfont!
Missing character: There is no 法 in font nullfont!
Missing character: There is no 的 in font nullfont!
Missing character: There is no 核 in font nullfont!
Missing character: There is no 心 in font nullfont!
Missing character: There is no 组 in font nullfont!
Missing character: There is no 成 in font nullfont!
Missing character: There is no 部 in font nullfont!
Missing character: There is no 分 in font nullfont!
Missing character: There is no 是 in font nullfont!
Missing character: There is no 相 in font nullfont!
Missing character: There is no 互 in font nullfont!
Missing character: There is no 关 in font nullfont!
Missing character: There is no 联 in font nullfont!
Missing character: There is no 的 in font nullfont!
Missing character: There is no 。 in font nullfont!
Missing character: There is no 利 in font nullfont!
Missing character: There is no 用 in font nullfont!
Missing character: There is no 模 in font nullfont!
Missing character: There is no 型 in font nullfont!
Missing character: There is no （ in font nullfont!
Missing character: There is no T in font nullfont!
Missing character: There is no o in font nullfont!
Missing character: There is no y in font nullfont!
Missing character: There is no 模 in font nullfont!
Missing character: There is no 型 in font nullfont!
Missing character: There is no 和 in font nullfont!
Missing character: There is no E in font nullfont!
Missing character: There is no B in font nullfont!
Missing character: There is no E in font nullfont!
Missing character: There is no - in font nullfont!
Missing character: There is no A in font nullfont!
Missing character: There is no V in font nullfont!
Missing character: There is no F in font nullfont!
Missing character: There is no D in font nullfont!
Missing character: There is no 模 in font nullfont!
Missing character: There is no 型 in font nullfont!
Missing character: There is no ） in font nullfont!
Missing character: There is no 的 in font nullfont!
Missing character: There is no 研 in font nullfont!
Missing character: There is no 究 in font nullfont!
Missing character: There is no 也 in font nullfont!
Missing character: There is no 证 in font nullfont!
Missing character: There is no 实 in font nullfont!
Missing character: There is no 了 in font nullfont!
Missing character: There is no 这 in font nullfont!
Missing character: There is no 一 in font nullfont!
Missing character: There is no 点 in font nullfont!
Missing character: There is no ， in font nullfont!
Missing character: There is no 即 in font nullfont!
Missing character: There is no 不 in font nullfont!
Missing character: There is no 同 in font nullfont!
Missing character: There is no 方 in font nullfont!
Missing character: There is no 法 in font nullfont!
Missing character: There is no 对 in font nullfont!
Missing character: There is no 于 in font nullfont!
Missing character: There is no C in font nullfont!
Missing character: There is no M in font nullfont!
Missing character: There is no E in font nullfont!
Missing character: There is no 信 in font nullfont!
Missing character: There is no 号 in font nullfont!
Missing character: There is no 、 in font nullfont!
Missing character: There is no 背 in font nullfont!
Missing character: There is no 景 in font nullfont!
Missing character: There is no 的 in font nullfont!
Missing character: There is no 反 in font nullfont!
Missing character: There is no 应 in font nullfont!
Missing character: There is no 是 in font nullfont!
Missing character: There is no 类 in font nullfont!
Missing character: There is no 似 in font nullfont!
Missing character: There is no 的 in font nullfont!
Missing character: There is no ， in font nullfont!
Missing character: There is no 不 in font nullfont!
Missing character: There is no 同 in font nullfont!
Missing character: There is no 方 in font nullfont!
Missing character: There is no 法 in font nullfont!
Missing character: There is no 并 in font nullfont!
Missing character: There is no 不 in font nullfont!
Missing character: There is no 存 in font nullfont!
Missing character: There is no 在 in font nullfont!
Missing character: There is no 明 in font nullfont!
Missing character: There is no 显 in font nullfont!
Missing character: There is no 的 in font nullfont!
Missing character: There is no 优 in font nullfont!
Missing character: There is no 势 in font nullfont!
Missing character: There is no 。 in font nullfont!
Missing character: There is no 此 in font nullfont!
Missing character: There is no 外 in font nullfont!
Missing character: There is no 利 in font nullfont!
Missing character: There is no 用 in font nullfont!
Missing character: There is no E in font nullfont!
Missing character: There is no B in font nullfont!
Missing character: There is no E in font nullfont!
Missing character: There is no - in font nullfont!
Missing character: There is no A in font nullfont!
Missing character: There is no V in font nullfont!
Missing character: There is no F in font nullfont!
Missing character: There is no D in font nullfont!
Missing character: There is no 模 in font nullfont!
Missing character: There is no 型 in font nullfont!
Missing character: There is no 所 in font nullfont!
Missing character: There is no 产 in font nullfont!
Missing character: There is no 生 in font nullfont!
Missing character: There is no 的 in font nullfont!
Missing character: There is no I in font nullfont!
Missing character: There is no s in font nullfont!
Missing character: There is no o in font nullfont!
Missing character: There is no b in font nullfont!
Missing character: There is no a in font nullfont!
Missing character: There is no r in font nullfont!
Missing character: There is no 的 in font nullfont!
Missing character: There is no 数 in font nullfont!
Missing character: There is no 据 in font nullfont!
Missing character: There is no 对 in font nullfont!
Missing character: There is no 这 in font nullfont!
Missing character: There is no 三 in font nullfont!
Missing character: There is no 种 in font nullfont!
Missing character: There is no 方 in font nullfont!
Missing character: There is no 法 in font nullfont!
Missing character: There is no 的 in font nullfont!
Missing character: There is no 灵 in font nullfont!
Missing character: There is no 敏 in font nullfont!
Missing character: There is no 度 in font nullfont!
Missing character: There is no 进 in font nullfont!
Missing character: There is no 行 in font nullfont!
Missing character: There is no 了 in font nullfont!
Missing character: There is no 系 in font nullfont!
Missing character: There is no 统 in font nullfont!
Missing character: There is no 的 in font nullfont!
Missing character: There is no 研 in font nullfont!
Missing character: There is no 究 in font nullfont!
Missing character: There is no 对 in font nullfont!
Missing character: There is no 比 in font nullfont!
Missing character: There is no 。 in font nullfont!
Missing character: There is no 需 in font nullfont!
Missing character: There is no 要 in font nullfont!
Missing character: There is no 指 in font nullfont!
Missing character: There is no 出 in font nullfont!
Missing character: There is no 的 in font nullfont!
Missing character: There is no 是 in font nullfont!
Missing character: There is no 这 in font nullfont!
Missing character: There is no 一 in font nullfont!
Missing character: There is no 过 in font nullfont!
Missing character: There is no 程 in font nullfont!
Missing character: There is no 中 in font nullfont!
Missing character: There is no 对 in font nullfont!
Missing character: There is no 于 in font nullfont!
Missing character: There is no c in font nullfont!
Missing character: There is no o in font nullfont!
Missing character: There is no r in font nullfont!
Missing character: There is no r in font nullfont!
Missing character: There is no e in font nullfont!
Missing character: There is no l in font nullfont!
Missing character: There is no a in font nullfont!
Missing character: There is no t in font nullfont!
Missing character: There is no o in font nullfont!
Missing character: There is no r in font nullfont!
Missing character: There is no 、 in font nullfont!
Missing character: There is no - in font nullfont!
Missing character: There is no c in font nullfont!
Missing character: There is no o in font nullfont!
Missing character: There is no r in font nullfont!
Missing character: There is no r in font nullfont!
Missing character: There is no e in font nullfont!
Missing character: There is no l in font nullfont!
Missing character: There is no a in font nullfont!
Missing character: There is no t in font nullfont!
Missing character: There is no o in font nullfont!
Missing character: There is no r in font nullfont!
Missing character: There is no 这 in font nullfont!
Missing character: There is no 两 in font nullfont!
Missing character: There is no 个 in font nullfont!
Missing character: There is no 方 in font nullfont!
Missing character: There is no 法 in font nullfont!
Missing character: There is no 的 in font nullfont!
Missing character: There is no 分 in font nullfont!
Missing character: There is no 析 in font nullfont!
Missing character: There is no 程 in font nullfont!
Missing character: There is no 序 in font nullfont!
Missing character: There is no 直 in font nullfont!
Missing character: There is no 接 in font nullfont!
Missing character: There is no 利 in font nullfont!
Missing character: There is no 用 in font nullfont!
Missing character: There is no S in font nullfont!
Missing character: There is no T in font nullfont!
Missing character: There is no A in font nullfont!
Missing character: There is no R in font nullfont!
Missing character: There is no I in font nullfont!
Missing character: There is no s in font nullfont!
Missing character: There is no o in font nullfont!
Missing character: There is no b in font nullfont!
Missing character: There is no a in font nullfont!
Missing character: There is no r in font nullfont!
Missing character: There is no B in font nullfont!
Missing character: There is no l in font nullfont!
Missing character: There is no i in font nullfont!
Missing character: There is no n in font nullfont!
Missing character: There is no d in font nullfont!
Missing character: There is no - in font nullfont!
Missing character: There is no a in font nullfont!
Missing character: There is no n in font nullfont!
Missing character: There is no a in font nullfont!
Missing character: There is no l in font nullfont!
Missing character: There is no y in font nullfont!
Missing character: There is no s in font nullfont!
Missing character: There is no i in font nullfont!
Missing character: There is no s in font nullfont!
Missing character: There is no 封 in font nullfont!
Missing character: There is no 装 in font nullfont!
Missing character: There is no 程 in font nullfont!
Missing character: There is no 序 in font nullfont!
Missing character: There is no ， in font nullfont!
Missing character: There is no S in font nullfont!
Missing character: There is no B in font nullfont!
Missing character: There is no F in font nullfont!
Missing character: There is no 方 in font nullfont!
Missing character: There is no 法 in font nullfont!
Missing character: There is no 的 in font nullfont!
Missing character: There is no 分 in font nullfont!
Missing character: There is no 析 in font nullfont!
Missing character: There is no 流 in font nullfont!
Missing character: There is no 程 in font nullfont!
Missing character: There is no 是 in font nullfont!
Missing character: There is no 与 in font nullfont!
Missing character: There is no Q in font nullfont!
Missing character: There is no u in font nullfont!
Missing character: There is no a in font nullfont!
Missing character: There is no r in font nullfont!
Missing character: There is no k in font nullfont!
Missing character: There is no M in font nullfont!
Missing character: There is no a in font nullfont!
Missing character: There is no t in font nullfont!
Missing character: There is no t in font nullfont!
Missing character: There is no e in font nullfont!
Missing character: There is no r in font nullfont!
Missing character: There is no 2 in font nullfont!
Missing character: There is no 0 in font nullfont!
Missing character: There is no 1 in font nullfont!
Missing character: There is no 9 in font nullfont!
Missing character: There is no 所 in font nullfont!
Missing character: There is no 采 in font nullfont!
Missing character: There is no 用 in font nullfont!
Missing character: There is no 的 in font nullfont!
Missing character: There is no 一 in font nullfont!
Missing character: There is no 样 in font nullfont!
Missing character: There is no 的 in font nullfont!
Missing character: There is no 方 in font nullfont!
Missing character: There is no 法 in font nullfont!
Missing character: There is no （ in font nullfont!
Missing character: There is no S in font nullfont!
Missing character: There is no B in font nullfont!
Missing character: There is no F in font nullfont!
Missing character: There is no 方 in font nullfont!
Missing character: There is no 法 in font nullfont!
Missing character: There is no 不 in font nullfont!
Missing character: There is no 参 in font nullfont!
Missing character: There is no 与 in font nullfont!
Missing character: There is no B in font nullfont!
Missing character: There is no l in font nullfont!
Missing character: There is no i in font nullfont!
Missing character: There is no n in font nullfont!
Missing character: There is no d in font nullfont!
Missing character: There is no - in font nullfont!
Missing character: There is no a in font nullfont!
Missing character: There is no n in font nullfont!
Missing character: There is no a in font nullfont!
Missing character: There is no l in font nullfont!
Missing character: There is no y in font nullfont!
Missing character: There is no s in font nullfont!
Missing character: There is no i in font nullfont!
Missing character: There is no s in font nullfont!
Missing character: There is no ） in font nullfont!
Missing character: There is no 。 in font nullfont!
Missing character: There is no E in font nullfont!
Missing character: There is no B in font nullfont!
Missing character: There is no E in font nullfont!
Missing character: There is no - in font nullfont!
Missing character: There is no A in font nullfont!
Missing character: There is no V in font nullfont!
Missing character: There is no F in font nullfont!
Missing character: There is no D in font nullfont!
Missing character: There is no 模 in font nullfont!
Missing character: There is no 型 in font nullfont!
Missing character: There is no I in font nullfont!
Missing character: There is no s in font nullfont!
Missing character: There is no o in font nullfont!
Missing character: There is no b in font nullfont!
Missing character: There is no a in font nullfont!
Missing character: There is no r in font nullfont!
Missing character: There is no 的 in font nullfont!
Missing character: There is no 结 in font nullfont!
Missing character: There is no 果 in font nullfont!
Missing character: There is no 表 in font nullfont!
Missing character: There is no 明 in font nullfont!
Missing character: There is no 三 in font nullfont!
Missing character: There is no 种 in font nullfont!
Missing character: There is no 方 in font nullfont!
Missing character: There is no 法 in font nullfont!
Missing character: There is no 都 in font nullfont!
Missing character: There is no C in font nullfont!
Missing character: There is no M in font nullfont!
Missing character: There is no E in font nullfont!
Missing character: There is no 信 in font nullfont!
Missing character: There is no 号 in font nullfont!
Missing character: There is no 都 in font nullfont!
Missing character: There is no 有 in font nullfont!
Missing character: There is no 一 in font nullfont!
Missing character: There is no 定 in font nullfont!
Missing character: There is no 的 in font nullfont!
Missing character: There is no 灵 in font nullfont!
Missing character: There is no 敏 in font nullfont!
Missing character: There is no 度 in font nullfont!
Missing character: There is no 。 in font nullfont!
Missing character: There is no 并 in font nullfont!
Missing character: There is no 且 in font nullfont!
Missing character: There is no 对 in font nullfont!
Missing character: There is no 于 in font nullfont!
Missing character: There is no 显 in font nullfont!
Missing character: There is no 著 in font nullfont!
Missing character: There is no 性 in font nullfont!
Missing character: There is no 分 in font nullfont!
Missing character: There is no 析 in font nullfont!
Missing character: There is no 结 in font nullfont!
Missing character: There is no 果 in font nullfont!
Missing character: There is no 中 in font nullfont!
Missing character: There is no 发 in font nullfont!
Missing character: There is no 现 in font nullfont!
Missing character: There is no 与 in font nullfont!
Missing character: There is no 有 in font nullfont!
Missing character: There is no 着 in font nullfont!
Missing character: There is no 及 in font nullfont!
Missing character: There is no 其 in font nullfont!
Missing character: There is no 相 in font nullfont!
Missing character: There is no 似 in font nullfont!
Missing character: There is no 的 in font nullfont!
Missing character: There is no 显 in font nullfont!
Missing character: There is no 著 in font nullfont!
Missing character: There is no 性 in font nullfont!
Missing character: There is no ， in font nullfont!
Missing character: There is no 而 in font nullfont!
Missing character: There is no 于 in font nullfont!
Missing character: There is no 此 in font nullfont!
Missing character: There is no 同 in font nullfont!
Missing character: There is no 时 in font nullfont!
Missing character: There is no - in font nullfont!
Missing character: There is no c in font nullfont!
Missing character: There is no o in font nullfont!
Missing character: There is no r in font nullfont!
Missing character: There is no r in font nullfont!
Missing character: There is no e in font nullfont!
Missing character: There is no l in font nullfont!
Missing character: There is no a in font nullfont!
Missing character: There is no t in font nullfont!
Missing character: There is no o in font nullfont!
Missing character: There is no r in font nullfont!
Missing character: There is no 的 in font nullfont!
Missing character: There is no 对 in font nullfont!
Missing character: There is no 不 in font nullfont!
Missing character: There is no 同 in font nullfont!
Missing character: There is no 的 in font nullfont!
Missing character: There is no C in font nullfont!
Missing character: There is no M in font nullfont!
Missing character: There is no E in font nullfont!
Missing character: There is no 信 in font nullfont!
Missing character: There is no 号 in font nullfont!
Missing character: There is no 没 in font nullfont!
Missing character: There is no 有 in font nullfont!
Missing character: There is no 表 in font nullfont!
Missing character: There is no 现 in font nullfont!
Missing character: There is no 很 in font nullfont!
Missing character: There is no 强 in font nullfont!
Missing character: There is no 的 in font nullfont!
Missing character: There is no 区 in font nullfont!
Missing character: There is no 别 in font nullfont!
Missing character: There is no 。 in font nullfont!
Missing character: There is no 这 in font nullfont!
Missing character: There is no 一 in font nullfont!
Missing character: There is no 结 in font nullfont!
Missing character: There is no 果 in font nullfont!
Missing character: There is no 可 in font nullfont!
Missing character: There is no 以 in font nullfont!
Missing character: There is no 为 in font nullfont!
Missing character: There is no 分 in font nullfont!
Missing character: There is no 析 in font nullfont!
Missing character: There is no 讨 in font nullfont!
Missing character: There is no 论 in font nullfont!
Missing character: There is no S in font nullfont!
Missing character: There is no T in font nullfont!
Missing character: There is no A in font nullfont!
Missing character: There is no R in font nullfont!
Missing character: There is no I in font nullfont!
Missing character: There is no s in font nullfont!
Missing character: There is no o in font nullfont!
Missing character: There is no b in font nullfont!
Missing character: There is no a in font nullfont!
Missing character: There is no r in font nullfont!
Missing character: There is no 实 in font nullfont!
Missing character: There is no 验 in font nullfont!
Missing character: There is no 数 in font nullfont!
Missing character: There is no 据 in font nullfont!
Missing character: There is no 提 in font nullfont!
Missing character: There is no 供 in font nullfont!
Missing character: There is no 重 in font nullfont!
Missing character: There is no 要 in font nullfont!
Missing character: There is no 的 in font nullfont!
Missing character: There is no 参 in font nullfont!
Missing character: There is no 考 in font nullfont!
Missing character: There is no 。 in font nullfont!

Overfull \hbox (20.0pt too wide) in paragraph at lines 24--26
[]
 []


Overfull \hbox (5.73285pt too wide) in paragraph at lines 24--26
\OML/cmm/m/it/10 ^^M$
 []


Overfull \hbox (7.67015pt too wide) in paragraph at lines 24--26
\OML/cmm/m/it/10 R$
 []


Overfull \hbox (96.29678pt too wide) in paragraph at lines 24--26
\OML/cmm/m/it/10 Ru=Zr$$\OT1/cmr/m/n/10 ^^A\OML/cmm/m/it/10 ^^M[]$$r[]$$R$$^^[[
]$
 []


! LaTeX Error: Missing \begin{document}.

See the LaTeX manual or LaTeX Companion for explanation.
Type  H <return>  for immediate help.
 ...                                              
                                                  
l.29 由
      于背景的贡献、不同方法之间的差异性，使得实验上寻找手征磁效应已经持续了近20年。目前STAR实验组的Blind-analysis已经接近最后...

You're in trouble here.  Try typing  <return>  to proceed.
If that doesn't work, type  X <return>  to quit.

Missing character: There is no 由 in font nullfont!
Missing character: There is no 于 in font nullfont!
Missing character: There is no 背 in font nullfont!
Missing character: There is no 景 in font nullfont!
Missing character: There is no 的 in font nullfont!
Missing character: There is no 贡 in font nullfont!
Missing character: There is no 献 in font nullfont!
Missing character: There is no 、 in font nullfont!
Missing character: There is no 不 in font nullfont!
Missing character: There is no 同 in font nullfont!
Missing character: There is no 方 in font nullfont!
Missing character: There is no 法 in font nullfont!
Missing character: There is no 之 in font nullfont!
Missing character: There is no 间 in font nullfont!
Missing character: There is no 的 in font nullfont!
Missing character: There is no 差 in font nullfont!
Missing character: There is no 异 in font nullfont!
Missing character: There is no 性 in font nullfont!
Missing character: There is no ， in font nullfont!
Missing character: There is no 使 in font nullfont!
Missing character: There is no 得 in font nullfont!
Missing character: There is no 实 in font nullfont!
Missing character: There is no 验 in font nullfont!
Missing character: There is no 上 in font nullfont!
Missing character: There is no 寻 in font nullfont!
Missing character: There is no 找 in font nullfont!
Missing character: There is no 手 in font nullfont!
Missing character: There is no 征 in font nullfont!
Missing character: There is no 磁 in font nullfont!
Missing character: There is no 效 in font nullfont!
Missing character: There is no 应 in font nullfont!
Missing character: There is no 已 in font nullfont!
Missing character: There is no 经 in font nullfont!
Missing character: There is no 持 in font nullfont!
Missing character: There is no 续 in font nullfont!
Missing character: There is no 了 in font nullfont!
Missing character: There is no 近 in font nullfont!
Missing character: There is no 2 in font nullfont!
Missing character: There is no 0 in font nullfont!
Missing character: There is no 年 in font nullfont!
Missing character: There is no 。 in font nullfont!
Missing character: There is no 目 in font nullfont!
Missing character: There is no 前 in font nullfont!
Missing character: There is no S in font nullfont!
Missing character: There is no T in font nullfont!
Missing character: There is no A in font nullfont!
Missing character: There is no R in font nullfont!
Missing character: There is no 实 in font nullfont!
Missing character: There is no 验 in font nullfont!
Missing character: There is no 组 in font nullfont!
Missing character: There is no 的 in font nullfont!
Missing character: There is no B in font nullfont!
Missing character: There is no l in font nullfont!
Missing character: There is no i in font nullfont!
Missing character: There is no n in font nullfont!
Missing character: There is no d in font nullfont!
Missing character: There is no - in font nullfont!
Missing character: There is no a in font nullfont!
Missing character: There is no n in font nullfont!
Missing character: There is no a in font nullfont!
Missing character: There is no l in font nullfont!
Missing character: There is no y in font nullfont!
Missing character: There is no s in font nullfont!
Missing character: There is no i in font nullfont!
Missing character: There is no s in font nullfont!
Missing character: There is no 已 in font nullfont!
Missing character: There is no 经 in font nullfont!
Missing character: There is no 接 in font nullfont!
Missing character: There is no 近 in font nullfont!
Missing character: There is no 最 in font nullfont!
Missing character: There is no 后 in font nullfont!
Missing character: There is no 数 in font nullfont!
Missing character: There is no 据 in font nullfont!
Missing character: There is no 分 in font nullfont!
Missing character: There is no 析 in font nullfont!
Missing character: There is no 中 in font nullfont!
Missing character: There is no 。 in font nullfont!
Missing character: There is no 相 in font nullfont!
Missing character: There is no 信 in font nullfont!
Missing character: There is no 并 in font nullfont!
Missing character: There is no 期 in font nullfont!
Missing character: There is no 望 in font nullfont!
Missing character: There is no I in font nullfont!
Missing character: There is no s in font nullfont!
Missing character: There is no o in font nullfont!
Missing character: There is no b in font nullfont!
Missing character: There is no a in font nullfont!
Missing character: There is no r in font nullfont!
Missing character: There is no 的 in font nullfont!
Missing character: There is no 最 in font nullfont!
Missing character: There is no 终 in font nullfont!
Missing character: There is no 结 in font nullfont!
Missing character: There is no 果 in font nullfont!
Missing character: There is no 能 in font nullfont!
Missing character: There is no 让 in font nullfont!
Missing character: There is no 我 in font nullfont!
Missing character: There is no 们 in font nullfont!
Missing character: There is no 找 in font nullfont!
Missing character: There is no 到 in font nullfont!
Missing character: There is no C in font nullfont!
Missing character: There is no M in font nullfont!
Missing character: There is no E in font nullfont!
Missing character: There is no 存 in font nullfont!
Missing character: There is no 在 in font nullfont!
Missing character: There is no 的 in font nullfont!
Missing character: There is no 证 in font nullfont!
Missing character: There is no 据 in font nullfont!
Missing character: There is no 。 in font nullfont!

Overfull \hbox (20.0pt too wide) in paragraph at lines 29--30
[] 
 []

)
! Emergency stop.
<*> Chapter6.tex
                
*** (job aborted, no legal \end found)

 
Here is how much of TeX's memory you used:
 6 strings out of 492916
 74 string characters out of 6133346
 64431 words of memory out of 5000000
 4161 multiletter control sequences out of 15000+600000
 3640 words of font info for 14 fonts, out of 8000000 for 9000
 1348 hyphenation exceptions out of 8191
 18i,3n,12p,430b,56s stack positions out of 5000i,500n,10000p,200000b,80000s
No pages of output.
